#
# There is insufficient memory for the Java Runtime Environment to continue.
# Native memory allocation (mmap) failed to map 65536 bytes for Failed to commit metaspace.
# Possible reasons:
#   The system is out of physical RAM or swap space
#   The process is running with CompressedOops enabled, and the Java Heap may be blocking the growth of the native heap
# Possible solutions:
#   Reduce memory load on the system
#   Increase physical memory or swap space
#   Check if swap backing store is full
#   Decrease Java heap size (-Xmx/-Xms)
#   Decrease number of Java threads
#   Decrease Java thread stack sizes (-Xss)
#   Set larger code cache with -XX:ReservedCodeCacheSize=
#   JVM is running with Unscaled Compressed Oops mode in which the Java heap is
#     placed in the first 4GB address space. The Java Heap base address is the
#     maximum limit for the native heap growth. Please use -XX:HeapBaseMinAddress
#     to set the Java Heap base and to place the Java Heap above 4GB virtual address.
# This output file may be truncated or incomplete.
#
#  Out of Memory Error (virtualSpaceNode.cpp:110), pid=14232, tid=15988
#
# JRE version: Java(TM) SE Runtime Environment (17.0.1+12) (build 17.0.1+12-LTS-39)
# Java VM: Java HotSpot(TM) 64-Bit Server VM (17.0.1+12-LTS-39, mixed mode, emulated-client, sharing, tiered, compressed oops, compressed class ptrs, g1 gc, windows-amd64)
# No core dump will be written. Minidumps are not enabled by default on client versions of Windows
#

---------------  S U M M A R Y ------------

Command Line: -XX:TieredStopAtLevel=1 -Xverify:none -Dspring.output.ansi.enabled=always -javaagent:D:\Program Files\JetBrains\IntelliJ IDEA 2021.3\lib\idea_rt.jar=64683:D:\Program Files\JetBrains\IntelliJ IDEA 2021.3\bin -Dcom.sun.management.jmxremote -Dspring.jmx.enabled=true -Dspring.liveBeansView.mbeanDomain -Dspring.application.admin.enabled=true -Dfile.encoding=UTF-8 org.javaboy.vhr.VhrApplication

Host: Intel(R) Core(TM) i5-8300H CPU @ 2.30GHz, 8 cores, 7G,  Windows 10 , 64 bit Build 22000 (10.0.22000.434)
Time: Sun Mar  6 14:26:59 2022  Windows 10 , 64 bit Build 22000 (10.0.22000.434) elapsed time: 6729.236869 seconds (0d 1h 52m 9s)

---------------  T H R E A D  ---------------

Current thread (0x00000251a1e42870):  JavaThread "http-nio-8081-exec-3" daemon [_thread_in_vm, id=15988, stack(0x000000ac0ef00000,0x000000ac0f000000)]

Stack: [0x000000ac0ef00000,0x000000ac0f000000]
Native frames: (J=compiled Java code, j=interpreted, Vv=VM code, C=native code)
V  [jvm.dll+0x66fa1a]
V  [jvm.dll+0x7ce5a4]
V  [jvm.dll+0x7cfd4e]
V  [jvm.dll+0x7d03b3]
V  [jvm.dll+0x242b05]
V  [jvm.dll+0x7ca54b]
V  [jvm.dll+0x615b76]
V  [jvm.dll+0x615bda]
V  [jvm.dll+0x6183ea]
V  [jvm.dll+0x616516]
V  [jvm.dll+0x2405cc]
V  [jvm.dll+0x6c5edd]
V  [jvm.dll+0x6c690f]
V  [jvm.dll+0x36c1c3]
V  [jvm.dll+0x36b382]
V  [jvm.dll+0x36b328]
V  [jvm.dll+0x37b00a]
C  0x0000025194949ad7

Java frames: (J=compiled Java code, j=interpreted, Vv=VM code)
j  java.awt.Toolkit.loadLibraries()V+6 java.desktop@17.0.1
j  java.awt.Toolkit.initStatic()V+21 java.desktop@17.0.1
j  java.awt.Toolkit.<clinit>()V+20 java.desktop@17.0.1
v  ~StubRoutines::call_stub
j  java.awt.Color.<clinit>()V+296 java.desktop@17.0.1
v  ~StubRoutines::call_stub
j  org.javaboy.vhr.config.VerificationCode.<init>()V+45
j  org.javaboy.vhr.controller.LoginController.verifyCode(Ljavax/servlet/http/HttpServletRequest;Ljavax/servlet/http/HttpServletResponse;)V+4
v  ~StubRoutines::call_stub
J 2349  jdk.internal.reflect.NativeMethodAccessorImpl.invoke0(Ljava/lang/reflect/Method;Ljava/lang/Object;[Ljava/lang/Object;)Ljava/lang/Object; java.base@17.0.1 (0 bytes) @ 0x0000025194f6eaa7 [0x0000025194f6ea20+0x0000000000000087]
J 2348 c1 jdk.internal.reflect.NativeMethodAccessorImpl.invoke(Ljava/lang/Object;[Ljava/lang/Object;)Ljava/lang/Object; java.base@17.0.1 (137 bytes) @ 0x0000025194f6f294 [0x0000025194f6ef80+0x0000000000000314]
J 2289 c1 jdk.internal.reflect.DelegatingMethodAccessorImpl.invoke(Ljava/lang/Object;[Ljava/lang/Object;)Ljava/lang/Object; java.base@17.0.1 (10 bytes) @ 0x0000025194f56ce4 [0x0000025194f56ca0+0x0000000000000044]
J 2290 c1 java.lang.reflect.Method.invoke(Ljava/lang/Object;[Ljava/lang/Object;)Ljava/lang/Object; java.base@17.0.1 (65 bytes) @ 0x0000025194f570e4 [0x0000025194f56fe0+0x0000000000000104]
j  org.springframework.web.method.support.InvocableHandlerMethod.doInvoke([Ljava/lang/Object;)Ljava/lang/Object;+32
j  org.springframework.web.method.support.InvocableHandlerMethod.invokeForRequest(Lorg/springframework/web/context/request/NativeWebRequest;Lorg/springframework/web/method/support/ModelAndViewContainer;[Ljava/lang/Object;)Ljava/lang/Object;+54
j  org.springframework.web.servlet.mvc.method.annotation.ServletInvocableHandlerMethod.invokeAndHandle(Lorg/springframework/web/context/request/ServletWebRequest;Lorg/springframework/web/method/support/ModelAndViewContainer;[Ljava/lang/Object;)V+4
j  org.springframework.web.servlet.mvc.method.annotation.RequestMappingHandlerAdapter.invokeHandlerMethod(Ljavax/servlet/http/HttpServletRequest;Ljavax/servlet/http/HttpServletResponse;Lorg/springframework/web/method/HandlerMethod;)Lorg/springframework/web/servlet/ModelAndView;+244
j  org.springframework.web.servlet.mvc.method.annotation.RequestMappingHandlerAdapter.handleInternal(Ljavax/servlet/http/HttpServletRequest;Ljavax/servlet/http/HttpServletResponse;Lorg/springframework/web/method/HandlerMethod;)Lorg/springframework/web/servlet/ModelAndView;+81
j  org.springframework.web.servlet.mvc.method.AbstractHandlerMethodAdapter.handle(Ljavax/servlet/http/HttpServletRequest;Ljavax/servlet/http/HttpServletResponse;Ljava/lang/Object;)Lorg/springframework/web/servlet/ModelAndView;+7
j  org.springframework.web.servlet.DispatcherServlet.doDispatch(Ljavax/servlet/http/HttpServletRequest;Ljavax/servlet/http/HttpServletResponse;)V+257
j  org.springframework.web.servlet.DispatcherServlet.doService(Ljavax/servlet/http/HttpServletRequest;Ljavax/servlet/http/HttpServletResponse;)V+235
j  org.springframework.web.servlet.FrameworkServlet.processRequest(Ljavax/servlet/http/HttpServletRequest;Ljavax/servlet/http/HttpServletResponse;)V+71
j  org.springframework.web.servlet.FrameworkServlet.doGet(Ljavax/servlet/http/HttpServletRequest;Ljavax/servlet/http/HttpServletResponse;)V+3
j  javax.servlet.http.HttpServlet.service(Ljavax/servlet/http/HttpServletRequest;Ljavax/servlet/http/HttpServletResponse;)V+35
j  org.springframework.web.servlet.FrameworkServlet.service(Ljavax/servlet/http/HttpServletRequest;Ljavax/servlet/http/HttpServletResponse;)V+33
j  javax.servlet.http.HttpServlet.service(Ljavax/servlet/ServletRequest;Ljavax/servlet/ServletResponse;)V+36
j  org.apache.catalina.core.ApplicationFilterChain.internalDoFilter(Ljavax/servlet/ServletRequest;Ljavax/servlet/ServletResponse;)V+304
j  org.apache.catalina.core.ApplicationFilterChain.doFilter(Ljavax/servlet/ServletRequest;Ljavax/servlet/ServletResponse;)V+101
j  org.apache.tomcat.websocket.server.WsFilter.doFilter(Ljavax/servlet/ServletRequest;Ljavax/servlet/ServletResponse;Ljavax/servlet/FilterChain;)V+21
j  org.apache.catalina.core.ApplicationFilterChain.internalDoFilter(Ljavax/servlet/ServletRequest;Ljavax/servlet/ServletResponse;)V+135
j  org.apache.catalina.core.ApplicationFilterChain.doFilter(Ljavax/servlet/ServletRequest;Ljavax/servlet/ServletResponse;)V+101
j  org.springframework.security.web.authentication.AbstractAuthenticationProcessingFilter.doFilter(Ljavax/servlet/http/HttpServletRequest;Ljavax/servlet/http/HttpServletResponse;Ljavax/servlet/FilterChain;)V+12
j  org.springframework.security.web.authentication.AbstractAuthenticationProcessingFilter.doFilter(Ljavax/servlet/ServletRequest;Ljavax/servlet/ServletResponse;Ljavax/servlet/FilterChain;)V+10
j  org.apache.catalina.core.ApplicationFilterChain.internalDoFilter(Ljavax/servlet/ServletRequest;Ljavax/servlet/ServletResponse;)V+135
j  org.apache.catalina.core.ApplicationFilterChain.doFilter(Ljavax/servlet/ServletRequest;Ljavax/servlet/ServletResponse;)V+101
j  com.alibaba.druid.support.http.WebStatFilter.doFilter(Ljavax/servlet/ServletRequest;Ljavax/servlet/ServletResponse;Ljavax/servlet/FilterChain;)V+190
j  org.apache.catalina.core.ApplicationFilterChain.internalDoFilter(Ljavax/servlet/ServletRequest;Ljavax/servlet/ServletResponse;)V+135
j  org.apache.catalina.core.ApplicationFilterChain.doFilter(Ljavax/servlet/ServletRequest;Ljavax/servlet/ServletResponse;)V+101
j  org.springframework.security.web.FilterChainProxy.doFilterInternal(Ljavax/servlet/ServletRequest;Ljavax/servlet/ServletResponse;Ljavax/servlet/FilterChain;)V+92
j  org.springframework.security.web.FilterChainProxy.doFilter(Ljavax/servlet/ServletRequest;Ljavax/servlet/ServletResponse;Ljavax/servlet/FilterChain;)V+48
j  org.springframework.web.filter.DelegatingFilterProxy.invokeDelegate(Ljavax/servlet/Filter;Ljavax/servlet/ServletRequest;Ljavax/servlet/ServletResponse;Ljavax/servlet/FilterChain;)V+5
j  org.springframework.web.filter.DelegatingFilterProxy.doFilter(Ljavax/servlet/ServletRequest;Ljavax/servlet/ServletResponse;Ljavax/servlet/FilterChain;)V+85
j  org.apache.catalina.core.ApplicationFilterChain.internalDoFilter(Ljavax/servlet/ServletRequest;Ljavax/servlet/ServletResponse;)V+135
j  org.apache.catalina.core.ApplicationFilterChain.doFilter(Ljavax/servlet/ServletRequest;Ljavax/servlet/ServletResponse;)V+101
j  org.springframework.web.filter.RequestContextFilter.doFilterInternal(Ljavax/servlet/http/HttpServletRequest;Ljavax/servlet/http/HttpServletResponse;Ljavax/servlet/FilterChain;)V+21
j  org.springframework.web.filter.OncePerRequestFilter.doFilter(Ljavax/servlet/ServletRequest;Ljavax/servlet/ServletResponse;Ljavax/servlet/FilterChain;)V+147
j  org.apache.catalina.core.ApplicationFilterChain.internalDoFilter(Ljavax/servlet/ServletRequest;Ljavax/servlet/ServletResponse;)V+135
j  org.apache.catalina.core.ApplicationFilterChain.doFilter(Ljavax/servlet/ServletRequest;Ljavax/servlet/ServletResponse;)V+101
j  org.springframework.web.filter.FormContentFilter.doFilterInternal(Ljavax/servlet/http/HttpServletRequest;Ljavax/servlet/http/HttpServletResponse;Ljavax/servlet/FilterChain;)V+38
j  org.springframework.web.filter.OncePerRequestFilter.doFilter(Ljavax/servlet/ServletRequest;Ljavax/servlet/ServletResponse;Ljavax/servlet/FilterChain;)V+147
j  org.apache.catalina.core.ApplicationFilterChain.internalDoFilter(Ljavax/servlet/ServletRequest;Ljavax/servlet/ServletResponse;)V+135
j  org.apache.catalina.core.ApplicationFilterChain.doFilter(Ljavax/servlet/ServletRequest;Ljavax/servlet/ServletResponse;)V+101
j  org.springframework.web.filter.CharacterEncodingFilter.doFilterInternal(Ljavax/servlet/http/HttpServletRequest;Ljavax/servlet/http/HttpServletResponse;Ljavax/servlet/FilterChain;)V+53
j  org.springframework.web.filter.OncePerRequestFilter.doFilter(Ljavax/servlet/ServletRequest;Ljavax/servlet/ServletResponse;Ljavax/servlet/FilterChain;)V+147
j  org.apache.catalina.core.ApplicationFilterChain.internalDoFilter(Ljavax/servlet/ServletRequest;Ljavax/servlet/ServletResponse;)V+135
j  org.apache.catalina.core.ApplicationFilterChain.doFilter(Ljavax/servlet/ServletRequest;Ljavax/servlet/ServletResponse;)V+101
j  org.apache.catalina.core.StandardWrapperValve.invoke(Lorg/apache/catalina/connector/Request;Lorg/apache/catalina/connector/Response;)V+694
j  org.apache.catalina.core.StandardContextValve.invoke(Lorg/apache/catalina/connector/Request;Lorg/apache/catalina/connector/Response;)V+169
j  org.apache.catalina.authenticator.AuthenticatorBase.invoke(Lorg/apache/catalina/connector/Request;Lorg/apache/catalina/connector/Response;)V+260
j  org.apache.catalina.core.StandardHostValve.invoke(Lorg/apache/catalina/connector/Request;Lorg/apache/catalina/connector/Response;)V+128
j  org.apache.catalina.valves.ErrorReportValve.invoke(Lorg/apache/catalina/connector/Request;Lorg/apache/catalina/connector/Response;)V+6
j  org.apache.catalina.core.StandardEngineValve.invoke(Lorg/apache/catalina/connector/Request;Lorg/apache/catalina/connector/Response;)V+59
j  org.apache.catalina.connector.CoyoteAdapter.service(Lorg/apache/coyote/Request;Lorg/apache/coyote/Response;)V+199
j  org.apache.coyote.http11.Http11Processor.service(Lorg/apache/tomcat/util/net/SocketWrapperBase;)Lorg/apache/tomcat/util/net/AbstractEndpoint$Handler$SocketState;+735
j  org.apache.coyote.AbstractProcessorLight.process(Lorg/apache/tomcat/util/net/SocketWrapperBase;Lorg/apache/tomcat/util/net/SocketEvent;)Lorg/apache/tomcat/util/net/AbstractEndpoint$Handler$SocketState;+170
j  org.apache.coyote.AbstractProtocol$ConnectionHandler.process(Lorg/apache/tomcat/util/net/SocketWrapperBase;Lorg/apache/tomcat/util/net/SocketEvent;)Lorg/apache/tomcat/util/net/AbstractEndpoint$Handler$SocketState;+505
j  org.apache.tomcat.util.net.NioEndpoint$SocketProcessor.doRun()V+214
j  org.apache.tomcat.util.net.SocketProcessorBase.run()V+21
j  java.util.concurrent.ThreadPoolExecutor.runWorker(Ljava/util/concurrent/ThreadPoolExecutor$Worker;)V+92 java.base@17.0.1
j  java.util.concurrent.ThreadPoolExecutor$Worker.run()V+5 java.base@17.0.1
j  org.apache.tomcat.util.threads.TaskThread$WrappingRunnable.run()V+4
j  java.lang.Thread.run()V+11 java.base@17.0.1
v  ~StubRoutines::call_stub

---------------  P R O C E S S  ---------------

Threads class SMR info:
_java_thread_list=0x00000251a3e6e170, length=44, elements={
0x000002519ef76540, 0x000002519ef773b0, 0x000002519ef90b10, 0x000002519ef91690,
0x000002519ef93050, 0x000002519ef93a00, 0x000002519ef94dd0, 0x000002519ef95fd0,
0x000002519f01dce0, 0x000002519fff4870, 0x000002519fff84d0, 0x00000251a01c6020,
0x00000251a1c5d030, 0x00000251a1ca1020, 0x00000251a1ca14f0, 0x00000251a1ce3d60,
0x00000251a1ce4230, 0x00000251a1ce4700, 0x00000251a1e41ed0, 0x00000251a1e41a00,
0x00000251a1e41530, 0x00000251a1e423a0, 0x00000251a1e42870, 0x00000251a1e41060,
0x00000251a3e9c450, 0x00000251a3e99430, 0x00000251a3e985c0, 0x00000251a3e9b5e0,
0x00000251a3e99900, 0x00000251a3e9ac40, 0x00000251a3e9c920, 0x00000251a3e9ead0,
0x00000251a3e9a770, 0x00000251a3e99dd0, 0x00000251a3e9a2a0, 0x00000251a3e98a90,
0x00000251a3e9b110, 0x00000251a3e9bab0, 0x00000251a3e9cdf0, 0x00000251a3e9bf80,
0x00000251a3e9f940, 0x00000251a3e98f60, 0x00000251a3e9d2c0, 0x00000251a3e9d790
}

Java Threads: ( => current thread )
  0x000002519ef76540 JavaThread "Reference Handler" daemon [_thread_blocked, id=18216, stack(0x000000ac0cb00000,0x000000ac0cc00000)]
  0x000002519ef773b0 JavaThread "Finalizer" daemon [_thread_blocked, id=18176, stack(0x000000ac0cc00000,0x000000ac0cd00000)]
  0x000002519ef90b10 JavaThread "Signal Dispatcher" daemon [_thread_blocked, id=15724, stack(0x000000ac0cd00000,0x000000ac0ce00000)]
  0x000002519ef91690 JavaThread "Attach Listener" daemon [_thread_blocked, id=17716, stack(0x000000ac0ce00000,0x000000ac0cf00000)]
  0x000002519ef93050 JavaThread "Service Thread" daemon [_thread_blocked, id=17976, stack(0x000000ac0cf00000,0x000000ac0d000000)]
  0x000002519ef93a00 JavaThread "Monitor Deflation Thread" daemon [_thread_blocked, id=12972, stack(0x000000ac0d000000,0x000000ac0d100000)]
  0x000002519ef94dd0 JavaThread "C1 CompilerThread0" daemon [_thread_blocked, id=16460, stack(0x000000ac0d100000,0x000000ac0d200000)]
  0x000002519ef95fd0 JavaThread "Sweeper thread" daemon [_thread_blocked, id=11104, stack(0x000000ac0d200000,0x000000ac0d300000)]
  0x000002519f01dce0 JavaThread "Common-Cleaner" daemon [_thread_blocked, id=4928, stack(0x000000ac0d300000,0x000000ac0d400000)]
  0x000002519fff4870 JavaThread "Monitor Ctrl-Break" daemon [_thread_in_native, id=12496, stack(0x000000ac0d700000,0x000000ac0d800000)]
  0x000002519fff84d0 JavaThread "Notification Thread" daemon [_thread_blocked, id=15580, stack(0x000000ac0d800000,0x000000ac0d900000)]
  0x00000251a01c6020 JavaThread "RMI TCP Accept-0" daemon [_thread_in_native, id=5832, stack(0x000000ac0d900000,0x000000ac0da00000)]
  0x00000251a1c5d030 JavaThread "mysql-cj-abandoned-connection-cleanup" daemon [_thread_blocked, id=5612, stack(0x000000ac0e500000,0x000000ac0e600000)]
  0x00000251a1ca1020 JavaThread "Druid-ConnectionPool-Create-839457812" daemon [_thread_blocked, id=15936, stack(0x000000ac0e600000,0x000000ac0e700000)]
  0x00000251a1ca14f0 JavaThread "Druid-ConnectionPool-Destroy-839457812" daemon [_thread_blocked, id=14940, stack(0x000000ac0e700000,0x000000ac0e800000)]
  0x00000251a1ce3d60 JavaThread "Catalina-utility-1" [_thread_blocked, id=11924, stack(0x000000ac0e800000,0x000000ac0e900000)]
  0x00000251a1ce4230 JavaThread "Catalina-utility-2" [_thread_blocked, id=1796, stack(0x000000ac0e900000,0x000000ac0ea00000)]
  0x00000251a1ce4700 JavaThread "container-0" [_thread_blocked, id=13512, stack(0x000000ac0ea00000,0x000000ac0eb00000)]
  0x00000251a1e41ed0 JavaThread "MessageBroker-1" [_thread_blocked, id=4808, stack(0x000000ac0eb00000,0x000000ac0ec00000)]
  0x00000251a1e41a00 JavaThread "http-nio-8081-BlockPoller" daemon [_thread_in_native, id=15416, stack(0x000000ac0ec00000,0x000000ac0ed00000)]
  0x00000251a1e41530 JavaThread "http-nio-8081-exec-1" daemon [_thread_blocked, id=7872, stack(0x000000ac0ed00000,0x000000ac0ee00000)]
  0x00000251a1e423a0 JavaThread "http-nio-8081-exec-2" daemon [_thread_blocked, id=15804, stack(0x000000ac0ee00000,0x000000ac0ef00000)]
=>0x00000251a1e42870 JavaThread "http-nio-8081-exec-3" daemon [_thread_in_vm, id=15988, stack(0x000000ac0ef00000,0x000000ac0f000000)]
  0x00000251a1e41060 JavaThread "http-nio-8081-exec-4" daemon [_thread_blocked, id=14884, stack(0x000000ac0f000000,0x000000ac0f100000)]
  0x00000251a3e9c450 JavaThread "http-nio-8081-exec-5" daemon [_thread_blocked, id=10860, stack(0x000000ac0f100000,0x000000ac0f200000)]
  0x00000251a3e99430 JavaThread "http-nio-8081-exec-6" daemon [_thread_blocked, id=324, stack(0x000000ac0f200000,0x000000ac0f300000)]
  0x00000251a3e985c0 JavaThread "http-nio-8081-exec-7" daemon [_thread_blocked, id=10852, stack(0x000000ac0f300000,0x000000ac0f400000)]
  0x00000251a3e9b5e0 JavaThread "http-nio-8081-exec-8" daemon [_thread_blocked, id=2208, stack(0x000000ac0f400000,0x000000ac0f500000)]
  0x00000251a3e99900 JavaThread "http-nio-8081-exec-9" daemon [_thread_blocked, id=1792, stack(0x000000ac0f500000,0x000000ac0f600000)]
  0x00000251a3e9ac40 JavaThread "http-nio-8081-exec-10" daemon [_thread_blocked, id=9024, stack(0x000000ac0f600000,0x000000ac0f700000)]
  0x00000251a3e9c920 JavaThread "http-nio-8081-ClientPoller" daemon [_thread_in_native, id=8168, stack(0x000000ac0f700000,0x000000ac0f800000)]
  0x00000251a3e9ead0 JavaThread "http-nio-8081-Acceptor" daemon [_thread_in_native, id=9168, stack(0x000000ac0f800000,0x000000ac0f900000)]
  0x00000251a3e9a770 JavaThread "MessageBroker-2" [_thread_blocked, id=1276, stack(0x000000ac0f900000,0x000000ac0fa00000)]
  0x00000251a3e99dd0 JavaThread "DestroyJavaVM" [_thread_blocked, id=17000, stack(0x000000ac0c400000,0x000000ac0c500000)]
  0x00000251a3e9a2a0 JavaThread "MessageBroker-3" [_thread_blocked, id=17496, stack(0x000000ac0d400000,0x000000ac0d500000)]
  0x00000251a3e98a90 JavaThread "MessageBroker-4" [_thread_blocked, id=524, stack(0x000000ac0d500000,0x000000ac0d600000)]
  0x00000251a3e9b110 JavaThread "MessageBroker-5" [_thread_blocked, id=11196, stack(0x000000ac0fb00000,0x000000ac0fc00000)]
  0x00000251a3e9bab0 JavaThread "MessageBroker-6" [_thread_blocked, id=16416, stack(0x000000ac0fc00000,0x000000ac0fd00000)]
  0x00000251a3e9cdf0 JavaThread "MessageBroker-7" [_thread_blocked, id=14068, stack(0x000000ac0c100000,0x000000ac0c200000)]
  0x00000251a3e9bf80 JavaThread "MessageBroker-8" [_thread_blocked, id=5300, stack(0x000000ac0c200000,0x000000ac0c300000)]
  0x00000251a3e9f940 JavaThread "lettuce-nioEventLoop-4-1" daemon [_thread_in_native, id=15860, stack(0x000000ac0c300000,0x000000ac0c400000)]
  0x00000251a3e98f60 JavaThread "lettuce-timer-3-1" [_thread_blocked, id=18016, stack(0x000000ac0d600000,0x000000ac0d700000)]
  0x00000251a3e9d2c0 JavaThread "lettuce-eventExecutorLoop-1-1" daemon [_thread_blocked, id=5496, stack(0x000000ac0fd00000,0x000000ac0fe00000)]
  0x00000251a3e9d790 JavaThread "lettuce-eventExecutorLoop-1-2" daemon [_thread_blocked, id=16764, stack(0x000000ac0fe00000,0x000000ac0ff00000)]

Other Threads:
  0x000002519ef72550 VMThread "VM Thread" [stack: 0x000000ac0ca00000,0x000000ac0cb00000] [id=15364]
  0x000002518d12cab0 WatcherThread [stack: 0x000000ac0da00000,0x000000ac0db00000] [id=13676]
  0x000002518d16c4e0 GCTaskThread "GC Thread#0" [stack: 0x000000ac0c500000,0x000000ac0c600000] [id=14396]
  0x00000251a04aa640 GCTaskThread "GC Thread#1" [stack: 0x000000ac0db00000,0x000000ac0dc00000] [id=532]
  0x00000251a04cdd60 GCTaskThread "GC Thread#2" [stack: 0x000000ac0dc00000,0x000000ac0dd00000] [id=14492]
  0x00000251a050c730 GCTaskThread "GC Thread#3" [stack: 0x000000ac0dd00000,0x000000ac0de00000] [id=14772]
  0x00000251a050c9e0 GCTaskThread "GC Thread#4" [stack: 0x000000ac0de00000,0x000000ac0df00000] [id=16688]
  0x00000251a050cc90 GCTaskThread "GC Thread#5" [stack: 0x000000ac0df00000,0x000000ac0e000000] [id=6552]
  0x00000251a050d350 GCTaskThread "GC Thread#6" [stack: 0x000000ac0e000000,0x000000ac0e100000] [id=17836]
  0x00000251a050db20 GCTaskThread "GC Thread#7" [stack: 0x000000ac0e100000,0x000000ac0e200000] [id=2140]
  0x000002518d17cfe0 ConcurrentGCThread "G1 Main Marker" [stack: 0x000000ac0c600000,0x000000ac0c700000] [id=5320]
  0x000002518d17d9f0 ConcurrentGCThread "G1 Conc#0" [stack: 0x000000ac0c700000,0x000000ac0c800000] [id=11708]
  0x00000251a187e450 ConcurrentGCThread "G1 Conc#1" [stack: 0x000000ac0e400000,0x000000ac0e500000] [id=15548]
  0x000002518d1f7110 ConcurrentGCThread "G1 Refine#0" [stack: 0x000000ac0c800000,0x000000ac0c900000] [id=10824]
  0x000002519fe309a0 ConcurrentGCThread "G1 Refine#1" [stack: 0x000000ac0e200000,0x000000ac0e300000] [id=6564]
  0x000002519fe31100 ConcurrentGCThread "G1 Refine#2" [stack: 0x000000ac0e300000,0x000000ac0e400000] [id=16396]
  0x000002518d1f7b30 ConcurrentGCThread "G1 Service" [stack: 0x000000ac0c900000,0x000000ac0ca00000] [id=12368]

Threads with active compile tasks:

VM state: not at safepoint (normal execution)

VM Mutex/Monitor currently owned by a thread:  ([mutex/lock_event])
[0x000002518d11c180] Metaspace_lock - owner thread: 0x00000251a1e42870

Heap address: 0x0000000082200000, size: 2014 MB, Compressed Oops mode: 32-bit

CDS archive(s) mapped at: [0x0000000800000000-0x0000000800bc0000-0x0000000800bc0000), size 12320768, SharedBaseAddress: 0x0000000800000000, ArchiveRelocationMode: 0.
Compressed class space mapped at: 0x0000000800c00000-0x0000000840c00000, reserved size: 1073741824
Narrow klass base: 0x0000000800000000, Narrow klass shift: 0, Narrow klass range: 0x100000000

GC Precious Log:
 CPUs: 8 total, 8 available
 Memory: 8052M
 Large Page Support: Disabled
 NUMA Support: Disabled
 Compressed Oops: Enabled (32-bit)
 Heap Region Size: 1M
 Heap Min Capacity: 8M
 Heap Initial Capacity: 126M
 Heap Max Capacity: 2014M
 Pre-touch: Disabled
 Parallel Workers: 8
 Concurrent Workers: 2
 Concurrent Refinement Workers: 8
 Periodic GC: Disabled

Heap:
 garbage-first heap   total 191488K, used 77016K [0x0000000082200000, 0x0000000100000000)
  region size 1024K, 54 young (55296K), 8 survivors (8192K)
 Metaspace       used 54562K, committed 55040K, reserved 1097728K
  class space    used 7150K, committed 7424K, reserved 1048576K

Heap Regions: E=young(eden), S=young(survivor), O=old, HS=humongous(starts), HC=humongous(continues), CS=collection set, F=free, OA=open archive, CA=closed archive, TAMS=top-at-mark-start (previous, next)
|   0|0x0000000082200000, 0x0000000082300000, 0x0000000082300000|100%| O|  |TAMS 0x0000000082300000, 0x0000000082200000| Untracked 
|   1|0x0000000082300000, 0x0000000082400000, 0x0000000082400000|100%| O|  |TAMS 0x0000000082400000, 0x0000000082300000| Untracked 
|   2|0x0000000082400000, 0x0000000082500000, 0x0000000082500000|100%| O|  |TAMS 0x0000000082500000, 0x0000000082400000| Untracked 
|   3|0x0000000082500000, 0x0000000082600000, 0x0000000082600000|100%| O|  |TAMS 0x0000000082600000, 0x0000000082500000| Untracked 
|   4|0x0000000082600000, 0x0000000082700000, 0x0000000082700000|100%| O|  |TAMS 0x0000000082700000, 0x0000000082600000| Untracked 
|   5|0x0000000082700000, 0x0000000082800000, 0x0000000082800000|100%| O|  |TAMS 0x0000000082800000, 0x0000000082700000| Untracked 
|   6|0x0000000082800000, 0x0000000082900000, 0x0000000082900000|100%| O|  |TAMS 0x0000000082900000, 0x0000000082800000| Untracked 
|   7|0x0000000082900000, 0x0000000082900000, 0x0000000082a00000|  0%| F|  |TAMS 0x0000000082900000, 0x0000000082900000| Untracked 
|   8|0x0000000082a00000, 0x0000000082b00000, 0x0000000082b00000|100%| O|  |TAMS 0x0000000082b00000, 0x0000000082a00000| Untracked 
|   9|0x0000000082b00000, 0x0000000082c00000, 0x0000000082c00000|100%| O|  |TAMS 0x0000000082c00000, 0x0000000082b00000| Untracked 
|  10|0x0000000082c00000, 0x0000000082d00000, 0x0000000082d00000|100%| O|  |TAMS 0x0000000082d00000, 0x0000000082c00000| Untracked 
|  11|0x0000000082d00000, 0x0000000082e00000, 0x0000000082e00000|100%| O|  |TAMS 0x0000000082d00000, 0x0000000082d00000| Untracked 
|  12|0x0000000082e00000, 0x0000000082f00000, 0x0000000082f00000|100%| O|  |TAMS 0x0000000082e00000, 0x0000000082e00000| Untracked 
|  13|0x0000000082f00000, 0x0000000083000000, 0x0000000083000000|100%| O|  |TAMS 0x0000000082f00000, 0x0000000082f00000| Untracked 
|  14|0x0000000083000000, 0x0000000083100000, 0x0000000083100000|100%| O|  |TAMS 0x0000000083000000, 0x0000000083000000| Untracked 
|  15|0x0000000083100000, 0x0000000083200000, 0x0000000083200000|100%| O|  |TAMS 0x0000000083100000, 0x0000000083100000| Untracked 
|  16|0x0000000083200000, 0x0000000083300000, 0x0000000083300000|100%| O|  |TAMS 0x0000000083200000, 0x0000000083200000| Untracked 
|  17|0x0000000083300000, 0x0000000083400000, 0x0000000083400000|100%| O|  |TAMS 0x0000000083300000, 0x0000000083300000| Untracked 
|  18|0x0000000083400000, 0x0000000083500000, 0x0000000083500000|100%| O|  |TAMS 0x0000000083500000, 0x0000000083400000| Untracked 
|  19|0x0000000083500000, 0x0000000083600000, 0x0000000083600000|100%| O|  |TAMS 0x0000000083600000, 0x0000000083500000| Untracked 
|  20|0x0000000083600000, 0x0000000083700000, 0x0000000083700000|100%| O|  |TAMS 0x0000000083700000, 0x0000000083600000| Untracked 
|  21|0x0000000083700000, 0x0000000083800000, 0x0000000083800000|100%| O|  |TAMS 0x0000000083800000, 0x0000000083700000| Untracked 
|  22|0x0000000083800000, 0x0000000083900000, 0x0000000083900000|100%| O|  |TAMS 0x00000000838e9c00, 0x0000000083800000| Untracked 
|  23|0x0000000083900000, 0x00000000839ce000, 0x0000000083a00000| 80%| O|  |TAMS 0x0000000083900000, 0x0000000083900000| Untracked 
|  24|0x0000000083a00000, 0x0000000083a00000, 0x0000000083b00000|  0%| F|  |TAMS 0x0000000083a00000, 0x0000000083a00000| Untracked 
|  25|0x0000000083b00000, 0x0000000083b00000, 0x0000000083c00000|  0%| F|  |TAMS 0x0000000083b00000, 0x0000000083b00000| Untracked 
|  26|0x0000000083c00000, 0x0000000083c00000, 0x0000000083d00000|  0%| F|  |TAMS 0x0000000083c00000, 0x0000000083c00000| Untracked 
|  27|0x0000000083d00000, 0x0000000083d00000, 0x0000000083e00000|  0%| F|  |TAMS 0x0000000083d00000, 0x0000000083d00000| Untracked 
|  28|0x0000000083e00000, 0x0000000083e00000, 0x0000000083f00000|  0%| F|  |TAMS 0x0000000083e00000, 0x0000000083e00000| Untracked 
|  29|0x0000000083f00000, 0x0000000083f00000, 0x0000000084000000|  0%| F|  |TAMS 0x0000000083f00000, 0x0000000083f00000| Untracked 
|  30|0x0000000084000000, 0x0000000084000000, 0x0000000084100000|  0%| F|  |TAMS 0x0000000084000000, 0x0000000084000000| Untracked 
|  31|0x0000000084100000, 0x0000000084100000, 0x0000000084200000|  0%| F|  |TAMS 0x0000000084100000, 0x0000000084100000| Untracked 
|  32|0x0000000084200000, 0x0000000084200000, 0x0000000084300000|  0%| F|  |TAMS 0x0000000084200000, 0x0000000084200000| Untracked 
|  33|0x0000000084300000, 0x0000000084300000, 0x0000000084400000|  0%| F|  |TAMS 0x0000000084300000, 0x0000000084300000| Untracked 
|  34|0x0000000084400000, 0x0000000084400000, 0x0000000084500000|  0%| F|  |TAMS 0x0000000084400000, 0x0000000084400000| Untracked 
|  35|0x0000000084500000, 0x0000000084500000, 0x0000000084600000|  0%| F|  |TAMS 0x0000000084500000, 0x0000000084500000| Untracked 
|  36|0x0000000084600000, 0x0000000084600000, 0x0000000084700000|  0%| F|  |TAMS 0x0000000084600000, 0x0000000084600000| Untracked 
|  37|0x0000000084700000, 0x0000000084700000, 0x0000000084800000|  0%| F|  |TAMS 0x0000000084700000, 0x0000000084700000| Untracked 
|  38|0x0000000084800000, 0x0000000084800000, 0x0000000084900000|  0%| F|  |TAMS 0x0000000084800000, 0x0000000084800000| Untracked 
|  39|0x0000000084900000, 0x0000000084900000, 0x0000000084a00000|  0%| F|  |TAMS 0x0000000084900000, 0x0000000084900000| Untracked 
|  40|0x0000000084a00000, 0x0000000084a00000, 0x0000000084b00000|  0%| F|  |TAMS 0x0000000084a00000, 0x0000000084a00000| Untracked 
|  41|0x0000000084b00000, 0x0000000084b00000, 0x0000000084c00000|  0%| F|  |TAMS 0x0000000084b00000, 0x0000000084b00000| Untracked 
|  42|0x0000000084c00000, 0x0000000084c00000, 0x0000000084d00000|  0%| F|  |TAMS 0x0000000084c00000, 0x0000000084c00000| Untracked 
|  43|0x0000000084d00000, 0x0000000084d00000, 0x0000000084e00000|  0%| F|  |TAMS 0x0000000084d00000, 0x0000000084d00000| Untracked 
|  44|0x0000000084e00000, 0x0000000084e00000, 0x0000000084f00000|  0%| F|  |TAMS 0x0000000084e00000, 0x0000000084e00000| Untracked 
|  45|0x0000000084f00000, 0x0000000084f00000, 0x0000000085000000|  0%| F|  |TAMS 0x0000000084f00000, 0x0000000084f00000| Untracked 
|  46|0x0000000085000000, 0x0000000085000000, 0x0000000085100000|  0%| F|  |TAMS 0x0000000085000000, 0x0000000085000000| Untracked 
|  47|0x0000000085100000, 0x0000000085100000, 0x0000000085200000|  0%| F|  |TAMS 0x0000000085100000, 0x0000000085100000| Untracked 
|  48|0x0000000085200000, 0x0000000085200000, 0x0000000085300000|  0%| F|  |TAMS 0x0000000085200000, 0x0000000085200000| Untracked 
|  49|0x0000000085300000, 0x0000000085300000, 0x0000000085400000|  0%| F|  |TAMS 0x0000000085300000, 0x0000000085300000| Untracked 
|  50|0x0000000085400000, 0x0000000085400000, 0x0000000085500000|  0%| F|  |TAMS 0x0000000085400000, 0x0000000085400000| Untracked 
|  51|0x0000000085500000, 0x0000000085500000, 0x0000000085600000|  0%| F|  |TAMS 0x0000000085500000, 0x0000000085500000| Untracked 
|  52|0x0000000085600000, 0x0000000085600000, 0x0000000085700000|  0%| F|  |TAMS 0x0000000085600000, 0x0000000085600000| Untracked 
|  53|0x0000000085700000, 0x0000000085700000, 0x0000000085800000|  0%| F|  |TAMS 0x0000000085700000, 0x0000000085700000| Untracked 
|  54|0x0000000085800000, 0x0000000085800000, 0x0000000085900000|  0%| F|  |TAMS 0x0000000085800000, 0x0000000085800000| Untracked 
|  55|0x0000000085900000, 0x0000000085900000, 0x0000000085a00000|  0%| F|  |TAMS 0x0000000085900000, 0x0000000085900000| Untracked 
|  56|0x0000000085a00000, 0x0000000085a00000, 0x0000000085b00000|  0%| F|  |TAMS 0x0000000085a00000, 0x0000000085a00000| Untracked 
|  57|0x0000000085b00000, 0x0000000085b00000, 0x0000000085c00000|  0%| F|  |TAMS 0x0000000085b00000, 0x0000000085b00000| Untracked 
|  58|0x0000000085c00000, 0x0000000085c00000, 0x0000000085d00000|  0%| F|  |TAMS 0x0000000085c00000, 0x0000000085c00000| Untracked 
|  59|0x0000000085d00000, 0x0000000085d00000, 0x0000000085e00000|  0%| F|  |TAMS 0x0000000085d00000, 0x0000000085d00000| Untracked 
|  60|0x0000000085e00000, 0x0000000085e00000, 0x0000000085f00000|  0%| F|  |TAMS 0x0000000085e00000, 0x0000000085e00000| Untracked 
|  61|0x0000000085f00000, 0x0000000085f00000, 0x0000000086000000|  0%| F|  |TAMS 0x0000000085f00000, 0x0000000085f00000| Untracked 
|  62|0x0000000086000000, 0x0000000086000000, 0x0000000086100000|  0%| F|  |TAMS 0x0000000086000000, 0x0000000086000000| Untracked 
|  63|0x0000000086100000, 0x0000000086100000, 0x0000000086200000|  0%| F|  |TAMS 0x0000000086100000, 0x0000000086100000| Untracked 
|  64|0x0000000086200000, 0x0000000086200000, 0x0000000086300000|  0%| F|  |TAMS 0x0000000086200000, 0x0000000086200000| Untracked 
|  65|0x0000000086300000, 0x0000000086300000, 0x0000000086400000|  0%| F|  |TAMS 0x0000000086300000, 0x0000000086300000| Untracked 
|  66|0x0000000086400000, 0x0000000086400000, 0x0000000086500000|  0%| F|  |TAMS 0x0000000086400000, 0x0000000086400000| Untracked 
|  67|0x0000000086500000, 0x0000000086500000, 0x0000000086600000|  0%| F|  |TAMS 0x0000000086500000, 0x0000000086500000| Untracked 
|  68|0x0000000086600000, 0x0000000086600000, 0x0000000086700000|  0%| F|  |TAMS 0x0000000086600000, 0x0000000086600000| Untracked 
|  69|0x0000000086700000, 0x0000000086700000, 0x0000000086800000|  0%| F|  |TAMS 0x0000000086700000, 0x0000000086700000| Untracked 
|  70|0x0000000086800000, 0x0000000086800000, 0x0000000086900000|  0%| F|  |TAMS 0x0000000086800000, 0x0000000086800000| Untracked 
|  71|0x0000000086900000, 0x0000000086968350, 0x0000000086a00000| 40%| S|CS|TAMS 0x0000000086900000, 0x0000000086900000| Complete 
|  72|0x0000000086a00000, 0x0000000086b00000, 0x0000000086b00000|100%| S|CS|TAMS 0x0000000086a00000, 0x0000000086a00000| Complete 
|  73|0x0000000086b00000, 0x0000000086c00000, 0x0000000086c00000|100%| S|CS|TAMS 0x0000000086b00000, 0x0000000086b00000| Complete 
|  74|0x0000000086c00000, 0x0000000086d00000, 0x0000000086d00000|100%| S|CS|TAMS 0x0000000086c00000, 0x0000000086c00000| Complete 
|  75|0x0000000086d00000, 0x0000000086e00000, 0x0000000086e00000|100%| S|CS|TAMS 0x0000000086d00000, 0x0000000086d00000| Complete 
|  76|0x0000000086e00000, 0x0000000086f00000, 0x0000000086f00000|100%| S|CS|TAMS 0x0000000086e00000, 0x0000000086e00000| Complete 
|  77|0x0000000086f00000, 0x0000000087000000, 0x0000000087000000|100%| S|CS|TAMS 0x0000000086f00000, 0x0000000086f00000| Complete 
|  78|0x0000000087000000, 0x0000000087100000, 0x0000000087100000|100%| S|CS|TAMS 0x0000000087000000, 0x0000000087000000| Complete 
|  79|0x0000000087100000, 0x0000000087100000, 0x0000000087200000|  0%| F|  |TAMS 0x0000000087100000, 0x0000000087100000| Untracked 
|  80|0x0000000087200000, 0x0000000087200000, 0x0000000087300000|  0%| F|  |TAMS 0x0000000087200000, 0x0000000087200000| Untracked 
|  81|0x0000000087300000, 0x0000000087300000, 0x0000000087400000|  0%| F|  |TAMS 0x0000000087300000, 0x0000000087300000| Untracked 
|  82|0x0000000087400000, 0x0000000087400000, 0x0000000087500000|  0%| F|  |TAMS 0x0000000087400000, 0x0000000087400000| Untracked 
|  83|0x0000000087500000, 0x0000000087500000, 0x0000000087600000|  0%| F|  |TAMS 0x0000000087500000, 0x0000000087500000| Untracked 
|  84|0x0000000087600000, 0x0000000087600000, 0x0000000087700000|  0%| F|  |TAMS 0x0000000087600000, 0x0000000087600000| Untracked 
|  85|0x0000000087700000, 0x0000000087700000, 0x0000000087800000|  0%| F|  |TAMS 0x0000000087700000, 0x0000000087700000| Untracked 
|  86|0x0000000087800000, 0x0000000087800000, 0x0000000087900000|  0%| F|  |TAMS 0x0000000087800000, 0x0000000087800000| Untracked 
|  87|0x0000000087900000, 0x0000000087900000, 0x0000000087a00000|  0%| F|  |TAMS 0x0000000087900000, 0x0000000087900000| Untracked 
|  88|0x0000000087a00000, 0x0000000087a00000, 0x0000000087b00000|  0%| F|  |TAMS 0x0000000087a00000, 0x0000000087a00000| Untracked 
|  89|0x0000000087b00000, 0x0000000087b00000, 0x0000000087c00000|  0%| F|  |TAMS 0x0000000087b00000, 0x0000000087b00000| Untracked 
|  90|0x0000000087c00000, 0x0000000087c00000, 0x0000000087d00000|  0%| F|  |TAMS 0x0000000087c00000, 0x0000000087c00000| Untracked 
|  91|0x0000000087d00000, 0x0000000087d00000, 0x0000000087e00000|  0%| F|  |TAMS 0x0000000087d00000, 0x0000000087d00000| Untracked 
|  92|0x0000000087e00000, 0x0000000087e00000, 0x0000000087f00000|  0%| F|  |TAMS 0x0000000087e00000, 0x0000000087e00000| Untracked 
|  93|0x0000000087f00000, 0x0000000087f00000, 0x0000000088000000|  0%| F|  |TAMS 0x0000000087f00000, 0x0000000087f00000| Untracked 
|  94|0x0000000088000000, 0x0000000088000000, 0x0000000088100000|  0%| F|  |TAMS 0x0000000088000000, 0x0000000088000000| Untracked 
|  95|0x0000000088100000, 0x0000000088100000, 0x0000000088200000|  0%| F|  |TAMS 0x0000000088100000, 0x0000000088100000| Untracked 
|  96|0x0000000088200000, 0x0000000088200000, 0x0000000088300000|  0%| F|  |TAMS 0x0000000088200000, 0x0000000088200000| Untracked 
|  97|0x0000000088300000, 0x0000000088300000, 0x0000000088400000|  0%| F|  |TAMS 0x0000000088300000, 0x0000000088300000| Untracked 
|  98|0x0000000088400000, 0x0000000088400000, 0x0000000088500000|  0%| F|  |TAMS 0x0000000088400000, 0x0000000088400000| Untracked 
|  99|0x0000000088500000, 0x0000000088500000, 0x0000000088600000|  0%| F|  |TAMS 0x0000000088500000, 0x0000000088500000| Untracked 
| 100|0x0000000088600000, 0x0000000088600000, 0x0000000088700000|  0%| F|  |TAMS 0x0000000088600000, 0x0000000088600000| Untracked 
| 101|0x0000000088700000, 0x0000000088700000, 0x0000000088800000|  0%| F|  |TAMS 0x0000000088700000, 0x0000000088700000| Untracked 
| 102|0x0000000088800000, 0x0000000088800000, 0x0000000088900000|  0%| F|  |TAMS 0x0000000088800000, 0x0000000088800000| Untracked 
| 103|0x0000000088900000, 0x0000000088900000, 0x0000000088a00000|  0%| F|  |TAMS 0x0000000088900000, 0x0000000088900000| Untracked 
| 104|0x0000000088a00000, 0x0000000088a00000, 0x0000000088b00000|  0%| F|  |TAMS 0x0000000088a00000, 0x0000000088a00000| Untracked 
| 105|0x0000000088b00000, 0x0000000088b00000, 0x0000000088c00000|  0%| F|  |TAMS 0x0000000088b00000, 0x0000000088b00000| Untracked 
| 106|0x0000000088c00000, 0x0000000088c00000, 0x0000000088d00000|  0%| F|  |TAMS 0x0000000088c00000, 0x0000000088c00000| Untracked 
| 107|0x0000000088d00000, 0x0000000088d00000, 0x0000000088e00000|  0%| F|  |TAMS 0x0000000088d00000, 0x0000000088d00000| Untracked 
| 108|0x0000000088e00000, 0x0000000088e00000, 0x0000000088f00000|  0%| F|  |TAMS 0x0000000088e00000, 0x0000000088e00000| Untracked 
| 109|0x0000000088f00000, 0x0000000088f00000, 0x0000000089000000|  0%| F|  |TAMS 0x0000000088f00000, 0x0000000088f00000| Untracked 
| 110|0x0000000089000000, 0x0000000089000000, 0x0000000089100000|  0%| F|  |TAMS 0x0000000089000000, 0x0000000089000000| Untracked 
| 111|0x0000000089100000, 0x0000000089100000, 0x0000000089200000|  0%| F|  |TAMS 0x0000000089100000, 0x0000000089100000| Untracked 
| 112|0x0000000089200000, 0x0000000089200000, 0x0000000089300000|  0%| F|  |TAMS 0x0000000089200000, 0x0000000089200000| Untracked 
| 113|0x0000000089300000, 0x0000000089300000, 0x0000000089400000|  0%| F|  |TAMS 0x0000000089300000, 0x0000000089300000| Untracked 
| 114|0x0000000089400000, 0x0000000089400000, 0x0000000089500000|  0%| F|  |TAMS 0x0000000089400000, 0x0000000089400000| Untracked 
| 115|0x0000000089500000, 0x0000000089500000, 0x0000000089600000|  0%| F|  |TAMS 0x0000000089500000, 0x0000000089500000| Untracked 
| 116|0x0000000089600000, 0x0000000089600000, 0x0000000089700000|  0%| F|  |TAMS 0x0000000089600000, 0x0000000089600000| Untracked 
| 117|0x0000000089700000, 0x0000000089700000, 0x0000000089800000|  0%| F|  |TAMS 0x0000000089700000, 0x0000000089700000| Untracked 
| 118|0x0000000089800000, 0x0000000089800000, 0x0000000089900000|  0%| F|  |TAMS 0x0000000089800000, 0x0000000089800000| Untracked 
| 119|0x0000000089900000, 0x0000000089900000, 0x0000000089a00000|  0%| F|  |TAMS 0x0000000089900000, 0x0000000089900000| Untracked 
| 120|0x0000000089a00000, 0x0000000089a00000, 0x0000000089b00000|  0%| F|  |TAMS 0x0000000089a00000, 0x0000000089a00000| Untracked 
| 121|0x0000000089b00000, 0x0000000089b00000, 0x0000000089c00000|  0%| F|  |TAMS 0x0000000089b00000, 0x0000000089b00000| Untracked 
| 122|0x0000000089c00000, 0x0000000089c00000, 0x0000000089d00000|  0%| F|  |TAMS 0x0000000089c00000, 0x0000000089c00000| Untracked 
| 123|0x0000000089d00000, 0x0000000089d00000, 0x0000000089e00000|  0%| F|  |TAMS 0x0000000089d00000, 0x0000000089d00000| Untracked 
| 124|0x0000000089e00000, 0x0000000089e00000, 0x0000000089f00000|  0%| F|  |TAMS 0x0000000089e00000, 0x0000000089e00000| Untracked 
| 125|0x0000000089f00000, 0x0000000089f00000, 0x000000008a000000|  0%| F|  |TAMS 0x0000000089f00000, 0x0000000089f00000| Untracked 
| 126|0x000000008a000000, 0x000000008a000000, 0x000000008a100000|  0%| F|  |TAMS 0x000000008a000000, 0x000000008a000000| Untracked 
| 127|0x000000008a100000, 0x000000008a100000, 0x000000008a200000|  0%| F|  |TAMS 0x000000008a100000, 0x000000008a100000| Untracked 
| 128|0x000000008a200000, 0x000000008a200000, 0x000000008a300000|  0%| F|  |TAMS 0x000000008a200000, 0x000000008a200000| Untracked 
| 129|0x000000008a300000, 0x000000008a300000, 0x000000008a400000|  0%| F|  |TAMS 0x000000008a300000, 0x000000008a300000| Untracked 
| 130|0x000000008a400000, 0x000000008a400000, 0x000000008a500000|  0%| F|  |TAMS 0x000000008a400000, 0x000000008a400000| Untracked 
| 131|0x000000008a500000, 0x000000008a500000, 0x000000008a600000|  0%| F|  |TAMS 0x000000008a500000, 0x000000008a500000| Untracked 
| 132|0x000000008a600000, 0x000000008a600000, 0x000000008a700000|  0%| F|  |TAMS 0x000000008a600000, 0x000000008a600000| Untracked 
| 133|0x000000008a700000, 0x000000008a700000, 0x000000008a800000|  0%| F|  |TAMS 0x000000008a700000, 0x000000008a700000| Untracked 
| 134|0x000000008a800000, 0x000000008a800000, 0x000000008a900000|  0%| F|  |TAMS 0x000000008a800000, 0x000000008a800000| Untracked 
| 135|0x000000008a900000, 0x000000008a900000, 0x000000008aa00000|  0%| F|  |TAMS 0x000000008a900000, 0x000000008a900000| Untracked 
| 136|0x000000008aa00000, 0x000000008aa00000, 0x000000008ab00000|  0%| F|  |TAMS 0x000000008aa00000, 0x000000008aa00000| Untracked 
| 137|0x000000008ab00000, 0x000000008ab00000, 0x000000008ac00000|  0%| F|  |TAMS 0x000000008ab00000, 0x000000008ab00000| Untracked 
| 138|0x000000008ac00000, 0x000000008ac00000, 0x000000008ad00000|  0%| F|  |TAMS 0x000000008ac00000, 0x000000008ac00000| Untracked 
| 139|0x000000008ad00000, 0x000000008ad00000, 0x000000008ae00000|  0%| F|  |TAMS 0x000000008ad00000, 0x000000008ad00000| Untracked 
| 140|0x000000008ae00000, 0x000000008ae00000, 0x000000008af00000|  0%| F|  |TAMS 0x000000008ae00000, 0x000000008ae00000| Untracked 
| 141|0x000000008af00000, 0x000000008afd8f00, 0x000000008b000000| 84%| E|  |TAMS 0x000000008af00000, 0x000000008af00000| Complete 
| 142|0x000000008b000000, 0x000000008b100000, 0x000000008b100000|100%| E|CS|TAMS 0x000000008b000000, 0x000000008b000000| Complete 
| 143|0x000000008b100000, 0x000000008b200000, 0x000000008b200000|100%| E|CS|TAMS 0x000000008b100000, 0x000000008b100000| Complete 
| 144|0x000000008b200000, 0x000000008b300000, 0x000000008b300000|100%| E|CS|TAMS 0x000000008b200000, 0x000000008b200000| Complete 
| 145|0x000000008b300000, 0x000000008b400000, 0x000000008b400000|100%| E|CS|TAMS 0x000000008b300000, 0x000000008b300000| Complete 
| 146|0x000000008b400000, 0x000000008b500000, 0x000000008b500000|100%| E|CS|TAMS 0x000000008b400000, 0x000000008b400000| Complete 
| 147|0x000000008b500000, 0x000000008b600000, 0x000000008b600000|100%| E|CS|TAMS 0x000000008b500000, 0x000000008b500000| Complete 
| 148|0x000000008b600000, 0x000000008b700000, 0x000000008b700000|100%| E|CS|TAMS 0x000000008b600000, 0x000000008b600000| Complete 
| 149|0x000000008b700000, 0x000000008b800000, 0x000000008b800000|100%| E|CS|TAMS 0x000000008b700000, 0x000000008b700000| Complete 
| 150|0x000000008b800000, 0x000000008b900000, 0x000000008b900000|100%| E|CS|TAMS 0x000000008b800000, 0x000000008b800000| Complete 
| 151|0x000000008b900000, 0x000000008ba00000, 0x000000008ba00000|100%| E|CS|TAMS 0x000000008b900000, 0x000000008b900000| Complete 
| 152|0x000000008ba00000, 0x000000008bb00000, 0x000000008bb00000|100%| E|CS|TAMS 0x000000008ba00000, 0x000000008ba00000| Complete 
| 153|0x000000008bb00000, 0x000000008bc00000, 0x000000008bc00000|100%| E|CS|TAMS 0x000000008bb00000, 0x000000008bb00000| Complete 
| 154|0x000000008bc00000, 0x000000008bd00000, 0x000000008bd00000|100%| E|CS|TAMS 0x000000008bc00000, 0x000000008bc00000| Complete 
| 155|0x000000008bd00000, 0x000000008be00000, 0x000000008be00000|100%| E|CS|TAMS 0x000000008bd00000, 0x000000008bd00000| Complete 
| 156|0x000000008be00000, 0x000000008bf00000, 0x000000008bf00000|100%| E|CS|TAMS 0x000000008be00000, 0x000000008be00000| Complete 
| 157|0x000000008bf00000, 0x000000008c000000, 0x000000008c000000|100%| E|CS|TAMS 0x000000008bf00000, 0x000000008bf00000| Complete 
| 158|0x000000008c000000, 0x000000008c100000, 0x000000008c100000|100%| E|CS|TAMS 0x000000008c000000, 0x000000008c000000| Complete 
| 159|0x000000008c100000, 0x000000008c200000, 0x000000008c200000|100%| E|CS|TAMS 0x000000008c100000, 0x000000008c100000| Complete 
| 160|0x000000008c200000, 0x000000008c300000, 0x000000008c300000|100%| E|CS|TAMS 0x000000008c200000, 0x000000008c200000| Complete 
| 161|0x000000008c300000, 0x000000008c400000, 0x000000008c400000|100%| E|CS|TAMS 0x000000008c300000, 0x000000008c300000| Complete 
| 162|0x000000008c400000, 0x000000008c500000, 0x000000008c500000|100%| E|CS|TAMS 0x000000008c400000, 0x000000008c400000| Complete 
| 163|0x000000008c500000, 0x000000008c600000, 0x000000008c600000|100%| E|CS|TAMS 0x000000008c500000, 0x000000008c500000| Complete 
| 164|0x000000008c600000, 0x000000008c700000, 0x000000008c700000|100%| E|CS|TAMS 0x000000008c600000, 0x000000008c600000| Complete 
| 165|0x000000008c700000, 0x000000008c800000, 0x000000008c800000|100%| E|CS|TAMS 0x000000008c700000, 0x000000008c700000| Complete 
| 166|0x000000008c800000, 0x000000008c900000, 0x000000008c900000|100%| E|CS|TAMS 0x000000008c800000, 0x000000008c800000| Complete 
| 167|0x000000008c900000, 0x000000008ca00000, 0x000000008ca00000|100%| E|CS|TAMS 0x000000008c900000, 0x000000008c900000| Complete 
| 168|0x000000008ca00000, 0x000000008cb00000, 0x000000008cb00000|100%| E|CS|TAMS 0x000000008ca00000, 0x000000008ca00000| Complete 
| 169|0x000000008cb00000, 0x000000008cc00000, 0x000000008cc00000|100%| E|CS|TAMS 0x000000008cb00000, 0x000000008cb00000| Complete 
| 170|0x000000008cc00000, 0x000000008cd00000, 0x000000008cd00000|100%| E|CS|TAMS 0x000000008cc00000, 0x000000008cc00000| Complete 
| 171|0x000000008cd00000, 0x000000008ce00000, 0x000000008ce00000|100%| E|CS|TAMS 0x000000008cd00000, 0x000000008cd00000| Complete 
| 172|0x000000008ce00000, 0x000000008cf00000, 0x000000008cf00000|100%| E|CS|TAMS 0x000000008ce00000, 0x000000008ce00000| Complete 
| 173|0x000000008cf00000, 0x000000008d000000, 0x000000008d000000|100%| E|CS|TAMS 0x000000008cf00000, 0x000000008cf00000| Complete 
| 174|0x000000008d000000, 0x000000008d100000, 0x000000008d100000|100%| E|CS|TAMS 0x000000008d000000, 0x000000008d000000| Complete 
| 175|0x000000008d100000, 0x000000008d200000, 0x000000008d200000|100%| E|CS|TAMS 0x000000008d100000, 0x000000008d100000| Complete 
| 176|0x000000008d200000, 0x000000008d300000, 0x000000008d300000|100%| E|CS|TAMS 0x000000008d200000, 0x000000008d200000| Complete 
| 177|0x000000008d300000, 0x000000008d400000, 0x000000008d400000|100%| E|CS|TAMS 0x000000008d300000, 0x000000008d300000| Complete 
| 178|0x000000008d400000, 0x000000008d500000, 0x000000008d500000|100%| E|CS|TAMS 0x000000008d400000, 0x000000008d400000| Complete 
| 179|0x000000008d500000, 0x000000008d600000, 0x000000008d600000|100%| E|CS|TAMS 0x000000008d500000, 0x000000008d500000| Complete 
| 180|0x000000008d600000, 0x000000008d700000, 0x000000008d700000|100%| E|CS|TAMS 0x000000008d600000, 0x000000008d600000| Complete 
| 181|0x000000008d700000, 0x000000008d800000, 0x000000008d800000|100%| E|CS|TAMS 0x000000008d700000, 0x000000008d700000| Complete 
| 182|0x000000008d800000, 0x000000008d900000, 0x000000008d900000|100%| E|CS|TAMS 0x000000008d800000, 0x000000008d800000| Complete 
| 183|0x000000008d900000, 0x000000008da00000, 0x000000008da00000|100%| E|CS|TAMS 0x000000008d900000, 0x000000008d900000| Complete 
| 184|0x000000008da00000, 0x000000008db00000, 0x000000008db00000|100%| E|CS|TAMS 0x000000008da00000, 0x000000008da00000| Complete 
| 185|0x000000008db00000, 0x000000008dc00000, 0x000000008dc00000|100%| E|CS|TAMS 0x000000008db00000, 0x000000008db00000| Complete 
| 186|0x000000008dc00000, 0x000000008dd00000, 0x000000008dd00000|100%| E|CS|TAMS 0x000000008dc00000, 0x000000008dc00000| Complete 

Card table byte_map: [0x0000025197e30000,0x0000025198220000] _byte_map_base: 0x0000025197a1f000

Marking Bits (Prev, Next): (CMBitMap*) 0x000002518d16caf0, (CMBitMap*) 0x000002518d16cb30
 Prev Bits: [0x0000025198610000, 0x000002519a588000)
 Next Bits: [0x000002519a590000, 0x000002519c508000)

Polling page: 0x000002518c900000

Metaspace:

Usage:
  Non-class:     46.30 MB used.
      Class:      6.98 MB used.
       Both:     53.28 MB used.

Virtual space:
  Non-class space:       48.00 MB reserved,      46.50 MB ( 97%) committed,  6 nodes.
      Class space:        1.00 GB reserved,       7.25 MB ( <1%) committed,  1 nodes.
             Both:        1.05 GB reserved,      53.75 MB (  5%) committed. 

Chunk freelists:
   Non-Class:  1.45 MB
       Class:  816.00 KB
        Both:  2.25 MB

MaxMetaspaceSize: unlimited
CompressedClassSpaceSize: 1.00 GB
Initial GC threshold: 21.00 MB
Current GC threshold: 59.00 MB
CDS: on
MetaspaceReclaimPolicy: balanced
 - commit_granule_bytes: 65536.
 - commit_granule_words: 8192.
 - virtual_space_node_default_size: 1048576.
 - enlarge_chunks_in_place: 1.
 - new_chunks_are_fully_committed: 0.
 - uncommit_free_chunks: 1.
 - use_allocation_guard: 0.
 - handle_deallocations: 1.


Internal statistics:

num_allocs_failed_limit: 6.
num_arena_births: 600.
num_arena_deaths: 0.
num_vsnodes_births: 7.
num_vsnodes_deaths: 0.
num_space_committed: 860.
num_space_uncommitted: 0.
num_chunks_returned_to_freelist: 6.
num_chunks_taken_from_freelist: 2493.
num_chunk_merges: 6.
num_chunk_splits: 1671.
num_chunks_enlarged: 1208.
num_purges: 0.
num_inconsistent_stats: 0.

CodeCache: size=49152Kb used=13883Kb max_used=15277Kb free=35269Kb
 bounds [0x0000025194930000, 0x0000025195830000, 0x0000025197930000]
 total_blobs=8088 nmethods=7426 adapters=589
 compilation: enabled
              stopped_count=0, restarted_count=0
 full_count=0

Compilation events (20 events):
Event: 6727.512 Thread 0x000002519ef94dd0 7441       1       java.nio.StringCharBuffer::get (19 bytes)
Event: 6727.513 Thread 0x000002519ef94dd0 nmethod 7441 0x00000251957f6e90 code [0x00000251957f7040, 0x00000251957f71b8]
Event: 6727.980 Thread 0x000002519ef94dd0 7442       1       io.netty.util.internal.shaded.org.jctools.queues.BaseMpscLinkedArrayQueueProducerFields::lvProducerIndex (5 bytes)
Event: 6727.989 Thread 0x000002519ef94dd0 nmethod 7442 0x00000251957f5f90 code [0x00000251957f6120, 0x00000251957f61f8]
Event: 6728.653 Thread 0x000002519ef94dd0 7443       1       org.apache.tomcat.util.buf.ByteChunk::equalsIgnoreCase (76 bytes)
Event: 6728.654 Thread 0x000002519ef94dd0 nmethod 7443 0x00000251957f5710 code [0x00000251957f58e0, 0x00000251957f5c98]
Event: 6728.654 Thread 0x000002519ef94dd0 7444       1       java.nio.charset.CharsetDecoder::reset (11 bytes)
Event: 6728.654 Thread 0x000002519ef94dd0 nmethod 7444 0x00000251957f5410 code [0x00000251957f55a0, 0x00000251957f56a8]
Event: 6728.654 Thread 0x000002519ef94dd0 7445       1       java.nio.charset.CharsetDecoder::implReset (1 bytes)
Event: 6728.654 Thread 0x000002519ef94dd0 nmethod 7445 0x00000251957f5110 code [0x00000251957f52a0, 0x00000251957f5358]
Event: 6728.667 Thread 0x000002519ef94dd0 7446       1       javax.servlet.ServletRequestWrapper::getRequest (5 bytes)
Event: 6728.667 Thread 0x000002519ef94dd0 nmethod 7446 0x00000251957f4e10 code [0x00000251957f4fa0, 0x00000251957f5078]
Event: 6728.864 Thread 0x000002519ef94dd0 7447       1       org.springframework.util.ConcurrentReferenceHashMap$Segment::restructureIfNecessary (56 bytes)
Event: 6728.865 Thread 0x000002519ef94dd0 nmethod 7447 0x00000251957f4790 code [0x00000251957f4940, 0x00000251957f4c18]
Event: 6728.865 Thread 0x000002519ef94dd0 7448       1       org.springframework.core.annotation.AnnotationTypeMapping$MirrorSets::updateFrom (148 bytes)
Event: 6728.875 Thread 0x000002519ef94dd0 nmethod 7448 0x00000251957f3510 code [0x00000251957f3780, 0x00000251957f4218]
Event: 6728.905 Thread 0x000002519ef94dd0 7449       1       org.springframework.util.ConcurrentReferenceHashMap$Segment::getReference (55 bytes)
Event: 6728.905 Thread 0x000002519ef94dd0 nmethod 7449 0x00000251957f3090 code [0x00000251957f3240, 0x00000251957f33f8]
Event: 6729.179 Thread 0x000002519ef94dd0 7450       1       java.util.ResourceBundle::isValidBundle (17 bytes)
Event: 6729.179 Thread 0x000002519ef94dd0 nmethod 7450 0x00000251957f2490 code [0x00000251957f2620, 0x00000251957f26f8]

GC Heap History (20 events):
Event: 5.011 GC heap before
{Heap before GC invocations=5 (full 0):
 garbage-first heap   total 51200K, used 39286K [0x0000000082200000, 0x0000000100000000)
  region size 1024K, 32 young (32768K), 6 survivors (6144K)
 Metaspace       used 24058K, committed 24320K, reserved 1073152K
  class space    used 3298K, committed 3392K, reserved 1048576K
}
Event: 5.021 GC heap after
{Heap after GC invocations=6 (full 0):
 garbage-first heap   total 51200K, used 15913K [0x0000000082200000, 0x0000000100000000)
  region size 1024K, 7 young (7168K), 7 survivors (7168K)
 Metaspace       used 24058K, committed 24320K, reserved 1073152K
  class space    used 3298K, committed 3392K, reserved 1048576K
}
Event: 5.037 GC heap before
{Heap before GC invocations=6 (full 0):
 garbage-first heap   total 51200K, used 16937K [0x0000000082200000, 0x0000000100000000)
  region size 1024K, 8 young (8192K), 7 survivors (7168K)
 Metaspace       used 24304K, committed 24640K, reserved 1073152K
  class space    used 3318K, committed 3456K, reserved 1048576K
}
Event: 5.045 GC heap after
{Heap after GC invocations=7 (full 0):
 garbage-first heap   total 51200K, used 16295K [0x0000000082200000, 0x0000000100000000)
  region size 1024K, 1 young (1024K), 1 survivors (1024K)
 Metaspace       used 24304K, committed 24640K, reserved 1073152K
  class space    used 3318K, committed 3456K, reserved 1048576K
}
Event: 5.308 GC heap before
{Heap before GC invocations=7 (full 0):
 garbage-first heap   total 51200K, used 35751K [0x0000000082200000, 0x0000000100000000)
  region size 1024K, 21 young (21504K), 1 survivors (1024K)
 Metaspace       used 25938K, committed 26240K, reserved 1073152K
  class space    used 3497K, committed 3648K, reserved 1048576K
}
Event: 5.311 GC heap after
{Heap after GC invocations=8 (full 0):
 garbage-first heap   total 51200K, used 16295K [0x0000000082200000, 0x0000000100000000)
  region size 1024K, 1 young (1024K), 1 survivors (1024K)
 Metaspace       used 25938K, committed 26240K, reserved 1073152K
  class space    used 3497K, committed 3648K, reserved 1048576K
}
Event: 5.595 GC heap before
{Heap before GC invocations=8 (full 0):
 garbage-first heap   total 51200K, used 37799K [0x0000000082200000, 0x0000000100000000)
  region size 1024K, 22 young (22528K), 1 survivors (1024K)
 Metaspace       used 27027K, committed 27392K, reserved 1073152K
  class space    used 3600K, committed 3776K, reserved 1048576K
}
Event: 5.600 GC heap after
{Heap after GC invocations=9 (full 0):
 garbage-first heap   total 102400K, used 17872K [0x0000000082200000, 0x0000000100000000)
  region size 1024K, 3 young (3072K), 3 survivors (3072K)
 Metaspace       used 27027K, committed 27392K, reserved 1073152K
  class space    used 3600K, committed 3776K, reserved 1048576K
}
Event: 6.263 GC heap before
{Heap before GC invocations=9 (full 0):
 garbage-first heap   total 102400K, used 76240K [0x0000000082200000, 0x0000000100000000)
  region size 1024K, 60 young (61440K), 3 survivors (3072K)
 Metaspace       used 32298K, committed 32640K, reserved 1081344K
  class space    used 4272K, committed 4416K, reserved 1048576K
}
Event: 6.267 GC heap after
{Heap after GC invocations=10 (full 0):
 garbage-first heap   total 102400K, used 20391K [0x0000000082200000, 0x0000000100000000)
  region size 1024K, 5 young (5120K), 5 survivors (5120K)
 Metaspace       used 32298K, committed 32640K, reserved 1081344K
  class space    used 4272K, committed 4416K, reserved 1048576K
}
Event: 6.810 GC heap before
{Heap before GC invocations=10 (full 0):
 garbage-first heap   total 102400K, used 39847K [0x0000000082200000, 0x0000000100000000)
  region size 1024K, 25 young (25600K), 5 survivors (5120K)
 Metaspace       used 35830K, committed 36096K, reserved 1081344K
  class space    used 4678K, committed 4800K, reserved 1048576K
}
Event: 6.816 GC heap after
{Heap after GC invocations=11 (full 0):
 garbage-first heap   total 102400K, used 22678K [0x0000000082200000, 0x0000000100000000)
  region size 1024K, 7 young (7168K), 7 survivors (7168K)
 Metaspace       used 35830K, committed 36096K, reserved 1081344K
  class space    used 4678K, committed 4800K, reserved 1048576K
}
Event: 6.981 GC heap before
{Heap before GC invocations=12 (full 0):
 garbage-first heap   total 81920K, used 67734K [0x0000000082200000, 0x0000000100000000)
  region size 1024K, 52 young (53248K), 7 survivors (7168K)
 Metaspace       used 36124K, committed 36416K, reserved 1081344K
  class space    used 4735K, committed 4864K, reserved 1048576K
}
Event: 6.986 GC heap after
{Heap after GC invocations=13 (full 0):
 garbage-first heap   total 81920K, used 23920K [0x0000000082200000, 0x0000000100000000)
  region size 1024K, 4 young (4096K), 4 survivors (4096K)
 Metaspace       used 36124K, committed 36416K, reserved 1081344K
  class space    used 4735K, committed 4864K, reserved 1048576K
}
Event: 6.988 GC heap before
{Heap before GC invocations=13 (full 0):
 garbage-first heap   total 81920K, used 24944K [0x0000000082200000, 0x0000000100000000)
  region size 1024K, 5 young (5120K), 4 survivors (4096K)
 Metaspace       used 36124K, committed 36416K, reserved 1081344K
  class space    used 4735K, committed 4864K, reserved 1048576K
}
Event: 6.991 GC heap after
{Heap after GC invocations=14 (full 0):
 garbage-first heap   total 81920K, used 23710K [0x0000000082200000, 0x0000000100000000)
  region size 1024K, 1 young (1024K), 1 survivors (1024K)
 Metaspace       used 36124K, committed 36416K, reserved 1081344K
  class space    used 4735K, committed 4864K, reserved 1048576K
}
Event: 7.988 GC heap before
{Heap before GC invocations=14 (full 0):
 garbage-first heap   total 81920K, used 64670K [0x0000000082200000, 0x0000000100000000)
  region size 1024K, 41 young (41984K), 1 survivors (1024K)
 Metaspace       used 40436K, committed 40832K, reserved 1089536K
  class space    used 5333K, committed 5568K, reserved 1048576K
}
Event: 7.992 GC heap after
{Heap after GC invocations=15 (full 0):
 garbage-first heap   total 191488K, used 26605K [0x0000000082200000, 0x0000000100000000)
  region size 1024K, 4 young (4096K), 4 survivors (4096K)
 Metaspace       used 40436K, committed 40832K, reserved 1089536K
  class space    used 5333K, committed 5568K, reserved 1048576K
}
Event: 1429.468 GC heap before
{Heap before GC invocations=15 (full 0):
 garbage-first heap   total 191488K, used 136173K [0x0000000082200000, 0x0000000100000000)
  region size 1024K, 112 young (114688K), 4 survivors (4096K)
 Metaspace       used 48810K, committed 49216K, reserved 1097728K
  class space    used 6459K, committed 6656K, reserved 1048576K
}
Event: 1429.491 GC heap after
{Heap after GC invocations=16 (full 0):
 garbage-first heap   total 191488K, used 30936K [0x0000000082200000, 0x0000000100000000)
  region size 1024K, 8 young (8192K), 8 survivors (8192K)
 Metaspace       used 48810K, committed 49216K, reserved 1097728K
  class space    used 6459K, committed 6656K, reserved 1048576K
}

Deoptimization events (20 events):
Event: 5.065 Thread 0x000002518d12bc40 DEOPT PACKING pc=0x000002519519b35d sp=0x000000ac0c4fcf50
Event: 5.065 Thread 0x000002518d12bc40 DEOPT UNPACKING pc=0x0000025194982b43 sp=0x000000ac0c4fc4b8 mode 3
Event: 5.631 Thread 0x00000251a1ca14f0 DEOPT PACKING pc=0x0000025194eb5181 sp=0x000000ac0e7ff6a0
Event: 5.631 Thread 0x00000251a1ca14f0 DEOPT UNPACKING pc=0x0000025194982b43 sp=0x000000ac0e7feb38 mode 3
Event: 5.633 Thread 0x00000251a1ca1020 DEOPT PACKING pc=0x0000025194e8f997 sp=0x000000ac0e6fee50
Event: 5.633 Thread 0x00000251a1ca1020 DEOPT UNPACKING pc=0x0000025194982b43 sp=0x000000ac0e6fe2a8 mode 3
Event: 6.162 Thread 0x000002518d12bc40 DEOPT PACKING pc=0x0000025194ed86a2 sp=0x000000ac0c4fc940
Event: 6.162 Thread 0x000002518d12bc40 DEOPT UNPACKING pc=0x0000025194982b43 sp=0x000000ac0c4fbe48 mode 3
Event: 6.162 Thread 0x000002518d12bc40 DEOPT PACKING pc=0x0000025194eb8e15 sp=0x000000ac0c4fc900
Event: 6.162 Thread 0x000002518d12bc40 DEOPT UNPACKING pc=0x0000025194982b43 sp=0x000000ac0c4fbe48 mode 3
Event: 9.008 Thread 0x000002518d12bc40 DEOPT PACKING pc=0x0000025194c27705 sp=0x000000ac0c4fd150
Event: 9.008 Thread 0x000002518d12bc40 DEOPT UNPACKING pc=0x0000025194982b43 sp=0x000000ac0c4fc6b0 mode 3
Event: 9.254 Thread 0x000002518d12bc40 DEOPT PACKING pc=0x0000025195458a4c sp=0x000000ac0c4fdac0
Event: 9.254 Thread 0x000002518d12bc40 DEOPT UNPACKING pc=0x0000025194982b43 sp=0x000000ac0c4fd060 mode 0
Event: 6725.609 Thread 0x00000251a1ce4230 DEOPT PACKING pc=0x0000025194aa9ccc sp=0x000000ac0e9ff3a0
Event: 6725.609 Thread 0x00000251a1e41530 DEOPT PACKING pc=0x0000025195661de4 sp=0x000000ac0edfc3a0
Event: 6725.610 Thread 0x00000251a1e41530 DEOPT UNPACKING pc=0x0000025194982b43 sp=0x000000ac0edfb8d8 mode 0
Event: 6725.610 Thread 0x00000251a1ce4230 DEOPT UNPACKING pc=0x0000025194982b43 sp=0x000000ac0e9fe8a0 mode 0
Event: 6726.204 Thread 0x00000251a1ce3d60 DEOPT PACKING pc=0x0000025194aa9ccc sp=0x000000ac0e8ff0d0
Event: 6726.204 Thread 0x00000251a1ce3d60 DEOPT UNPACKING pc=0x0000025194982b43 sp=0x000000ac0e8fe5d0 mode 0

Classes unloaded (0 events):
No events

Classes redefined (0 events):
No events

Internal exceptions (20 events):
Event: 9.524 Thread 0x000002518d12bc40 Exception <a 'java/lang/ClassNotFoundException'{0x0000000087dc61e8}: org/springframework/context/ApplicationListenerCustomizer> (0x0000000087dc61e8) 
thrown [t:\workspace\open\src\hotspot\share\classfile\systemDictionary.cpp, line 256]
Event: 9.525 Thread 0x000002518d12bc40 Exception <a 'java/lang/ClassNotFoundException'{0x0000000087dc8738}: java/util/EventListenerCustomizer> (0x0000000087dc8738) 
thrown [t:\workspace\open\src\hotspot\share\classfile\systemDictionary.cpp, line 256]
Event: 9.527 Thread 0x000002518d12bc40 Exception <a 'java/lang/NoSuchMethodError'{0x0000000087ded808}: 'java.lang.Object java.lang.invoke.DirectMethodHandle$Holder.newInvokeSpecial(java.lang.Object, java.lang.Object, int, java.lang.Object, java.lang.Object)'> (0x0000000087ded808) 
thrown [t:\workspace\open\src\hotspot\share\interpreter\linkResolver.cpp, line 766]
Event: 9.528 Thread 0x000002518d12bc40 Exception <a 'java/lang/NoSuchMethodError'{0x0000000087df8d80}: 'java.lang.Object java.lang.invoke.DirectMethodHandle$Holder.invokeSpecial(java.lang.Object, java.lang.Object, int, java.lang.Object, int, java.lang.Object)'> (0x0000000087df8d80) 
thrown [t:\workspace\open\src\hotspot\share\interpreter\linkResolver.cpp, line 766]
Event: 9.528 Thread 0x000002518d12bc40 Exception <a 'java/lang/NoSuchMethodError'{0x0000000087c00bb0}: 'java.lang.Object java.lang.invoke.DirectMethodHandle$Holder.newInvokeSpecial(java.lang.Object, java.lang.Object, int, java.lang.Object, int)'> (0x0000000087c00bb0) 
thrown [t:\workspace\open\src\hotspot\share\interpreter\linkResolver.cpp, line 766]
Event: 9.528 Thread 0x000002518d12bc40 Exception <a 'java/lang/NoSuchMethodError'{0x0000000087c04cb0}: 'java.lang.Object java.lang.invoke.DirectMethodHandle$Holder.invokeSpecial(java.lang.Object, java.lang.Object, java.lang.Object, int, java.lang.Object, int)'> (0x0000000087c04cb0) 
thrown [t:\workspace\open\src\hotspot\share\interpreter\linkResolver.cpp, line 766]
Event: 9.529 Thread 0x000002518d12bc40 Exception <a 'java/lang/NoSuchMethodError'{0x0000000087c113a0}: 'void java.lang.invoke.DirectMethodHandle$Holder.invokeVirtual(java.lang.Object, java.lang.Object)'> (0x0000000087c113a0) 
thrown [t:\workspace\open\src\hotspot\share\interpreter\linkResolver.cpp, line 766]
Event: 6723.991 Thread 0x00000251a1e41530 Exception <a 'java/lang/NoSuchMethodError'{0x000000008ba58d48}: 'void java.lang.invoke.DirectMethodHandle$Holder.invokeSpecial(java.lang.Object, java.lang.Object, java.lang.Object, java.lang.Object, java.lang.Object, java.lang.Object, java.lang.Object)'> (0x000000008ba58d48) 
thrown [t:\workspace\open\src\hotspot\share\interpreter\linkResolver.cpp, line 766]
Event: 6724.281 Thread 0x00000251a3e9f940 Exception <a 'java/lang/NoSuchMethodError'{0x000000008b8ca3b8}: 'java.lang.Object java.lang.invoke.DirectMethodHandle$Holder.invokeStaticInit(java.lang.Object, java.lang.Object, java.lang.Object, java.lang.Object, java.lang.Object, java.lang.Object)'> (0x000000008b8ca3b8) 
thrown [t:\workspace\open\src\hotspot\share\interpreter\linkResolver.cpp, line 766]
Event: 6724.369 Thread 0x00000251a3e9f940 Exception <a 'java/lang/NoSuchMethodError'{0x000000008b71db38}: 'void java.lang.invoke.DirectMethodHandle$Holder.invokeSpecial(java.lang.Object, java.lang.Object, java.lang.Object, java.lang.Object, java.lang.Object, java.lang.Object, java.lang.Object, java.lang.Object)'> (0x000000008b71db38) 
thrown [t:\workspace\open\src\hotspot\share\interpreter\linkResolver.cpp, line 766]
Event: 6725.188 Thread 0x00000251a1e41530 Exception <a 'java/lang/NoSuchMethodError'{0x000000008b665f98}: 'java.lang.Object java.lang.invoke.DirectMethodHandle$Holder.newInvokeSpecial(java.lang.Object, java.lang.Object, java.lang.Object, long)'> (0x000000008b665f98) 
thrown [t:\workspace\open\src\hotspot\share\interpreter\linkResolver.cpp, line 766]
Event: 6725.192 Thread 0x00000251a1e41530 Exception <a 'java/lang/NoSuchMethodError'{0x000000008b66a7e0}: 'java.lang.Object java.lang.invoke.DirectMethodHandle$Holder.invokeSpecial(java.lang.Object, java.lang.Object, java.lang.Object, java.lang.Object, long)'> (0x000000008b66a7e0) 
thrown [t:\workspace\open\src\hotspot\share\interpreter\linkResolver.cpp, line 766]
Event: 6725.192 Thread 0x00000251a1e41530 Exception <a 'java/lang/NoSuchMethodError'{0x000000008b66e900}: 'java.lang.Object java.lang.invoke.Invokers$Holder.linkToTargetMethod(java.lang.Object, java.lang.Object, long, java.lang.Object)'> (0x000000008b66e900) 
thrown [t:\workspace\open\src\hotspot\share\interpreter\linkResolver.cpp, line 766]
Event: 6725.659 Thread 0x00000251a1e41530 Exception <a 'java/lang/NoSuchMethodError'{0x000000008b482338}: static Lorg/javaboy/vhr/model/Menu;.<clinit>()V> (0x000000008b482338) 
thrown [t:\workspace\open\src\hotspot\share\prims\jni.cpp, line 1107]
Event: 6725.710 Thread 0x00000251a1e41530 Exception <a 'java/lang/NoSuchMethodError'{0x000000008b4b80d8}: static Lorg/javaboy/vhr/model/Meta;.<clinit>()V> (0x000000008b4b80d8) 
thrown [t:\workspace\open\src\hotspot\share\prims\jni.cpp, line 1107]
Event: 6725.713 Thread 0x00000251a1e41530 Exception <a 'java/lang/NoSuchMethodError'{0x000000008b4c4708}: static Lorg/javaboy/vhr/model/Role;.<clinit>()V> (0x000000008b4c4708) 
thrown [t:\workspace\open\src\hotspot\share\prims\jni.cpp, line 1107]
Event: 6725.802 Thread 0x00000251a1e41530 Exception <a 'java/lang/NoSuchMethodError'{0x000000008b4f7788}: 'java.lang.Object java.lang.invoke.DirectMethodHandle$Holder.invokeStatic(java.lang.Object, int, java.lang.Object, java.lang.Object)'> (0x000000008b4f7788) 
thrown [t:\workspace\open\src\hotspot\share\interpreter\linkResolver.cpp, line 766]
Event: 6725.807 Thread 0x00000251a1e41530 Exception <a 'java/lang/NoSuchMethodError'{0x000000008b4ff140}: 'java.lang.Object java.lang.invoke.DirectMethodHandle$Holder.newInvokeSpecial(java.lang.Object, int, java.lang.Object, java.lang.Object)'> (0x000000008b4ff140) 
thrown [t:\workspace\open\src\hotspot\share\interpreter\linkResolver.cpp, line 766]
Event: 6725.808 Thread 0x00000251a1e41530 Exception <a 'java/lang/NoSuchMethodError'{0x000000008b304050}: 'java.lang.Object java.lang.invoke.DirectMethodHandle$Holder.invokeSpecial(java.lang.Object, java.lang.Object, int, java.lang.Object, java.lang.Object)'> (0x000000008b304050) 
thrown [t:\workspace\open\src\hotspot\share\interpreter\linkResolver.cpp, line 766]
Event: 6729.131 Thread 0x00000251a1e42870 Exception <a 'java/lang/ClassNotFoundException'{0x000000008af9e088}: sun/awt/resources/spi/awtProvider> (0x000000008af9e088) 
thrown [t:\workspace\open\src\hotspot\share\classfile\systemDictionary.cpp, line 256]

VM Operations (20 events):
Event: 6723.167 Executing VM operation: Cleanup
Event: 6723.171 Executing VM operation: Cleanup done
Event: 6723.523 Executing VM operation: HandshakeAllThreads
Event: 6723.523 Executing VM operation: HandshakeAllThreads done
Event: 6724.536 Executing VM operation: Cleanup
Event: 6724.553 Executing VM operation: Cleanup done
Event: 6725.412 Executing VM operation: HandshakeAllThreads
Event: 6725.412 Executing VM operation: HandshakeAllThreads done
Event: 6725.545 Executing VM operation: HandshakeAllThreads
Event: 6725.546 Executing VM operation: HandshakeAllThreads done
Event: 6725.905 Executing VM operation: HandshakeAllThreads
Event: 6725.907 Executing VM operation: HandshakeAllThreads done
Event: 6725.907 Executing VM operation: Cleanup
Event: 6725.907 Executing VM operation: Cleanup done
Event: 6726.237 Executing VM operation: HandshakeAllThreads
Event: 6726.237 Executing VM operation: HandshakeAllThreads done
Event: 6728.257 Executing VM operation: Cleanup
Event: 6728.257 Executing VM operation: Cleanup done
Event: 6728.948 Executing VM operation: HandshakeAllThreads
Event: 6728.948 Executing VM operation: HandshakeAllThreads done

Events (20 events):
Event: 6729.124 loading class java/util/ResourceBundle$3
Event: 6729.131 loading class java/util/ResourceBundle$3 done
Event: 6729.136 loading class sun/awt/resources/awt
Event: 6729.153 loading class sun/awt/resources/awt done
Event: 6729.157 loading class sun/awt/resources/awt_zh
Event: 6729.157 loading class sun/awt/resources/awt_zh done
Event: 6729.157 loading class sun/awt/resources/awt_zh
Event: 6729.157 loading class sun/awt/resources/awt_zh done
Event: 6729.179 loading class sun/awt/resources/awt_zh_CN
Event: 6729.182 loading class sun/awt/resources/awt_zh_CN done
Event: 6729.183 loading class sun/awt/resources/awt_zh_Hans
Event: 6729.183 loading class sun/awt/resources/awt_zh_Hans done
Event: 6729.183 loading class sun/awt/resources/awt_zh_Hans
Event: 6729.183 loading class sun/awt/resources/awt_zh_Hans done
Event: 6729.183 loading class sun/awt/resources/awt_zh_Hans_CN
Event: 6729.183 loading class sun/awt/resources/awt_zh_Hans_CN done
Event: 6729.183 loading class sun/awt/resources/awt_zh_Hans_CN
Event: 6729.183 loading class sun/awt/resources/awt_zh_Hans_CN done
Event: 6729.183 loading class java/awt/Toolkit$2
Event: 6729.183 loading class java/awt/Toolkit$2 done


Dynamic libraries:
0x00007ff64cd50000 - 0x00007ff64cd60000 	D:\Program Files\Java\jdk-17.0.1\bin\java.exe
0x00007ffc48c20000 - 0x00007ffc48e29000 	C:\WINDOWS\SYSTEM32\ntdll.dll
0x00007ffc46b30000 - 0x00007ffc46bed000 	C:\WINDOWS\System32\KERNEL32.DLL
0x00007ffc46140000 - 0x00007ffc464b4000 	C:\WINDOWS\System32\KERNELBASE.dll
0x00007ffc466b0000 - 0x00007ffc467c1000 	C:\WINDOWS\System32\ucrtbase.dll
0x00007ffc41bf0000 - 0x00007ffc41c08000 	D:\Program Files\Java\jdk-17.0.1\bin\jli.dll
0x00007ffc413d0000 - 0x00007ffc413ea000 	D:\Program Files\Java\jdk-17.0.1\bin\VCRUNTIME140.dll
0x00007ffc46f20000 - 0x00007ffc46fce000 	C:\WINDOWS\System32\ADVAPI32.dll
0x00007ffc48a10000 - 0x00007ffc48ab3000 	C:\WINDOWS\System32\msvcrt.dll
0x00007ffc48220000 - 0x00007ffc482be000 	C:\WINDOWS\System32\sechost.dll
0x00007ffc47a30000 - 0x00007ffc47b50000 	C:\WINDOWS\System32\RPCRT4.dll
0x00007ffc48790000 - 0x00007ffc4893c000 	C:\WINDOWS\System32\USER32.dll
0x00007ffc46110000 - 0x00007ffc46136000 	C:\WINDOWS\System32\win32u.dll
0x00007ffc48bb0000 - 0x00007ffc48bd9000 	C:\WINDOWS\System32\GDI32.dll
0x00007ffc30b80000 - 0x00007ffc30e25000 	C:\WINDOWS\WinSxS\amd64_microsoft.windows.common-controls_6595b64144ccf1df_6.0.22000.120_none_9d947278b86cc467\COMCTL32.dll
0x00007ffc46930000 - 0x00007ffc46a42000 	C:\WINDOWS\System32\gdi32full.dll
0x00007ffc467d0000 - 0x00007ffc4686d000 	C:\WINDOWS\System32\msvcp_win.dll
0x00007ffc3fca0000 - 0x00007ffc3fcaa000 	C:\WINDOWS\SYSTEM32\VERSION.dll
0x00007ffc482d0000 - 0x00007ffc48301000 	C:\WINDOWS\System32\IMM32.DLL
0x00007ffc41be0000 - 0x00007ffc41bec000 	D:\Program Files\Java\jdk-17.0.1\bin\vcruntime140_1.dll
0x00007ffc2e480000 - 0x00007ffc2e50d000 	D:\Program Files\Java\jdk-17.0.1\bin\msvcp140.dll
0x00007ffbe0700000 - 0x00007ffbe12be000 	D:\Program Files\Java\jdk-17.0.1\bin\server\jvm.dll
0x00007ffc47b50000 - 0x00007ffc47b58000 	C:\WINDOWS\System32\PSAPI.DLL
0x00007ffc41b80000 - 0x00007ffc41b89000 	C:\WINDOWS\SYSTEM32\WSOCK32.dll
0x00007ffc46ac0000 - 0x00007ffc46b2f000 	C:\WINDOWS\System32\WS2_32.dll
0x00007ffc40380000 - 0x00007ffc403b3000 	C:\WINDOWS\SYSTEM32\WINMM.dll
0x00007ffc45210000 - 0x00007ffc45228000 	C:\WINDOWS\SYSTEM32\kernel.appcore.dll
0x00007ffc41bb0000 - 0x00007ffc41bba000 	D:\Program Files\Java\jdk-17.0.1\bin\jimage.dll
0x00007ffc43bb0000 - 0x00007ffc43dd1000 	C:\WINDOWS\SYSTEM32\DBGHELP.DLL
0x00007ffc2f4b0000 - 0x00007ffc2f4e1000 	C:\WINDOWS\SYSTEM32\dbgcore.DLL
0x00007ffc46630000 - 0x00007ffc466af000 	C:\WINDOWS\System32\bcryptPrimitives.dll
0x00007ffc41b20000 - 0x00007ffc41b2e000 	D:\Program Files\Java\jdk-17.0.1\bin\instrument.dll
0x00007ffc38de0000 - 0x00007ffc38e05000 	D:\Program Files\Java\jdk-17.0.1\bin\java.dll
0x00007ffc20480000 - 0x00007ffc20556000 	D:\Program Files\Java\jdk-17.0.1\bin\svml.dll
0x00007ffc471f0000 - 0x00007ffc4799e000 	C:\WINDOWS\System32\SHELL32.dll
0x00007ffc44250000 - 0x00007ffc44ab7000 	C:\WINDOWS\SYSTEM32\windows.storage.dll
0x00007ffc483f0000 - 0x00007ffc48768000 	C:\WINDOWS\System32\combase.dll
0x00007ffc440e0000 - 0x00007ffc44246000 	C:\WINDOWS\SYSTEM32\wintypes.dll
0x00007ffc48ac0000 - 0x00007ffc48baa000 	C:\WINDOWS\System32\SHCORE.dll
0x00007ffc46d20000 - 0x00007ffc46d7d000 	C:\WINDOWS\System32\shlwapi.dll
0x00007ffc46040000 - 0x00007ffc46061000 	C:\WINDOWS\SYSTEM32\profapi.dll
0x00007ffc32cc0000 - 0x00007ffc32cd8000 	D:\Program Files\Java\jdk-17.0.1\bin\zip.dll
0x00007ffc413b0000 - 0x00007ffc413c9000 	D:\Program Files\Java\jdk-17.0.1\bin\net.dll
0x00007ffc3ff80000 - 0x00007ffc4008c000 	C:\WINDOWS\SYSTEM32\WINHTTP.dll
0x00007ffc456c0000 - 0x00007ffc45727000 	C:\WINDOWS\system32\mswsock.dll
0x00007ffc40970000 - 0x00007ffc40985000 	D:\Program Files\Java\jdk-17.0.1\bin\nio.dll
0x00007ffc30a90000 - 0x00007ffc30aaa000 	D:\Program Files\JetBrains\IntelliJ IDEA 2021.3\bin\breakgen64.dll
0x00007ffc44d40000 - 0x00007ffc44e27000 	C:\WINDOWS\SYSTEM32\DNSAPI.dll
0x00007ffc44d10000 - 0x00007ffc44d3d000 	C:\WINDOWS\SYSTEM32\IPHLPAPI.DLL
0x00007ffc48210000 - 0x00007ffc48219000 	C:\WINDOWS\System32\NSI.dll
0x00007ffc3b840000 - 0x00007ffc3b84a000 	C:\Windows\System32\rasadhlp.dll
0x00007ffc3f840000 - 0x00007ffc3f8c1000 	C:\WINDOWS\System32\fwpuclnt.dll
0x00007ffc41150000 - 0x00007ffc41159000 	D:\Program Files\Java\jdk-17.0.1\bin\management.dll
0x00007ffc40880000 - 0x00007ffc4088b000 	D:\Program Files\Java\jdk-17.0.1\bin\management_ext.dll
0x00007ffc45970000 - 0x00007ffc45988000 	C:\WINDOWS\SYSTEM32\CRYPTSP.dll
0x00007ffc45170000 - 0x00007ffc451a5000 	C:\WINDOWS\system32\rsaenh.dll
0x00007ffc45820000 - 0x00007ffc45849000 	C:\WINDOWS\SYSTEM32\USERENV.dll
0x00007ffc45af0000 - 0x00007ffc45b17000 	C:\WINDOWS\SYSTEM32\bcrypt.dll
0x00007ffc45990000 - 0x00007ffc4599c000 	C:\WINDOWS\SYSTEM32\CRYPTBASE.dll
0x00007ffc40220000 - 0x00007ffc40239000 	C:\WINDOWS\SYSTEM32\dhcpcsvc6.DLL
0x00007ffc40360000 - 0x00007ffc4037e000 	C:\WINDOWS\SYSTEM32\dhcpcsvc.DLL
0x00007ffc0cfb0000 - 0x00007ffc0cfc7000 	C:\WINDOWS\system32\napinsp.dll
0x00007ffc0d2e0000 - 0x00007ffc0d2fb000 	C:\WINDOWS\system32\pnrpnsp.dll
0x00007ffc0d2c0000 - 0x00007ffc0d2d2000 	C:\WINDOWS\System32\winrnr.dll
0x00007ffc170e0000 - 0x00007ffc170f5000 	C:\WINDOWS\system32\wshbth.dll
0x00007ffc0d2a0000 - 0x00007ffc0d2bf000 	C:\WINDOWS\system32\nlansp_c.dll
0x00007ffc3cdd0000 - 0x00007ffc3cdde000 	D:\Program Files\Java\jdk-17.0.1\bin\sunmscapi.dll
0x00007ffc464c0000 - 0x00007ffc46622000 	C:\WINDOWS\System32\CRYPT32.dll
0x00007ffc45ac0000 - 0x00007ffc45ae8000 	C:\WINDOWS\SYSTEM32\ncrypt.dll
0x00007ffc45a80000 - 0x00007ffc45ab7000 	C:\WINDOWS\SYSTEM32\NTASN1.dll
0x00007ffc38dd0000 - 0x00007ffc38dd8000 	C:\WINDOWS\system32\wshunix.dll

dbghelp: loaded successfully - version: 4.0.5 - missing functions: none
symbol engine: initialized successfully - sym options: 0x614 - pdb path: .;D:\Program Files\Java\jdk-17.0.1\bin;C:\WINDOWS\SYSTEM32;C:\WINDOWS\WinSxS\amd64_microsoft.windows.common-controls_6595b64144ccf1df_6.0.22000.120_none_9d947278b86cc467;D:\Program Files\Java\jdk-17.0.1\bin\server;D:\Program Files\JetBrains\IntelliJ IDEA 2021.3\bin

VM Arguments:
jvm_args: -XX:TieredStopAtLevel=1 -Xverify:none -Dspring.output.ansi.enabled=always -javaagent:D:\Program Files\JetBrains\IntelliJ IDEA 2021.3\lib\idea_rt.jar=64683:D:\Program Files\JetBrains\IntelliJ IDEA 2021.3\bin -Dcom.sun.management.jmxremote -Dspring.jmx.enabled=true -Dspring.liveBeansView.mbeanDomain -Dspring.application.admin.enabled=true -Dfile.encoding=UTF-8 
java_command: org.javaboy.vhr.VhrApplication
java_class_path (initial): F:\workspace\\\vhr\vhr\vhrserver\vhr-web\target\classes;F:\workspace\\\vhr\vhr\vhrserver\vhr-service\target\classes;F:\workspace\\\vhr\vhr\vhrserver\vhr-mapper\target\classes;F:\workspace\\\vhr\vhr\vhrserver\vhr-model\target\classes;C:\Users\shishi\.m2\repository\org\springframework\boot\spring-boot-starter-security\2.4.0\spring-boot-starter-security-2.4.0.jar;C:\Users\shishi\.m2\repository\org\springframework\security\spring-security-config\5.4.1\spring-security-config-5.4.1.jar;C:\Users\shishi\.m2\repository\org\mybatis\spring\boot\mybatis-spring-boot-starter\2.1.0\mybatis-spring-boot-starter-2.1.0.jar;C:\Users\shishi\.m2\repository\org\springframework\boot\spring-boot-starter-jdbc\2.4.0\spring-boot-starter-jdbc-2.4.0.jar;C:\Users\shishi\.m2\repository\com\zaxxer\HikariCP\3.4.5\HikariCP-3.4.5.jar;C:\Users\shishi\.m2\repository\org\springframework\spring-jdbc\5.3.1\spring-jdbc-5.3.1.jar;C:\Users\shishi\.m2\repository\org\mybatis\spring\boot\mybatis-spring-boot-autoconfigure\2.1.0\mybatis-spring-boot-autoconfigure-2.1.0.jar;C:\Users\shishi\.m2\repository\org\mybatis\mybatis\3.5.2\mybatis-3.5.2.jar;C:\Users\shishi\.m2\repository\org\mybatis\mybatis-spring\2.0.2\mybatis-spring-2.0.2.jar;C:\Users\shishi\.m2\repository\org\flywaydb\flyway-core\7.1.1\flyway-core-7.1.1.jar;C:\Users\shishi\.m2\repository\com\alibaba\druid-spring-boot-starter\1.1.10\druid-spring-boot-starter-1.1.10.jar;C:\Users\shishi\.m2\repository\com\alibaba\druid\1.1.10\druid-1.1.10.jar;C:\Users\shishi\.m2\repository\org\springframework\boot\spring-boot-starter-data-redis\2.4.0\spring-boot-starter-data-redis-2.4.0.jar;C:\Users\shishi\.m2\repository\org\springframework\data\spring-data-redis\2.4.1\spring-data-redis-2.4.1.jar;C:\Users\shishi\.m2\repository\org\springframework\data\spring-data-keyvalue\2.4.1\spring-data-keyvalue-2.4.1.jar;C:\Users\shishi\.m2\repository\org\springframework\data\spring-data-c
Launcher Type: SUN_STANDARD

[Global flags]
     intx CICompilerCount                          = 4                                         {product} {ergonomic}
     uint ConcGCThreads                            = 2                                         {product} {ergonomic}
     uint G1ConcRefinementThreads                  = 8                                         {product} {ergonomic}
   size_t G1HeapRegionSize                         = 1048576                                   {product} {ergonomic}
    uintx GCDrainStackTargetSize                   = 64                                        {product} {ergonomic}
   size_t InitialHeapSize                          = 132120576                                 {product} {ergonomic}
     bool ManagementServer                         = true                                      {product} {command line}
   size_t MarkStackSize                            = 4194304                                   {product} {ergonomic}
   size_t MaxHeapSize                              = 2111832064                                {product} {ergonomic}
   size_t MaxNewSize                               = 1266679808                                {product} {ergonomic}
   size_t MinHeapDeltaBytes                        = 1048576                                   {product} {ergonomic}
   size_t MinHeapSize                              = 8388608                                   {product} {ergonomic}
    uintx NonProfiledCodeHeapSize                  = 0                                      {pd product} {ergonomic}
     bool ProfileInterpreter                       = false                                  {pd product} {command line}
    uintx ProfiledCodeHeapSize                     = 0                                      {pd product} {ergonomic}
   size_t SoftMaxHeapSize                          = 2111832064                             {manageable} {ergonomic}
     intx TieredStopAtLevel                        = 1                                         {product} {command line}
     bool UseCompressedClassPointers               = true                           {product lp64_product} {ergonomic}
     bool UseCompressedOops                        = true                           {product lp64_product} {ergonomic}
     bool UseG1GC                                  = true                                      {product} {ergonomic}
     bool UseLargePagesIndividualAllocation        = false                                  {pd product} {ergonomic}

Logging:
Log output configuration:
 #0: stdout all=warning uptime,level,tags
 #1: stderr all=off uptime,level,tags

Environment Variables:
PATH=C:\Program Files\Common Files\Oracle\Java\javapath;C:\Program Files (x86)\Common Files\Oracle\Java\javapath;C:\WINDOWS\system32;C:\WINDOWS;C:\WINDOWS\System32\Wbem;C:\WINDOWS\System32\WindowsPowerShell\v1.0\;C:\WINDOWS\System32\OpenSSH\;E:\nvm;E:\nodejs;C:\Program Files (x86)\NVIDIA Corporation\PhysX\Common;C:\Program Files\NVIDIA Corporation\NVIDIA NvDLISR;D:\Git\cmd;C:\Program Files (x86)\dotnet\;C:\Program Files\dotnet\;D:\Program Files (x86)\Tencent\web\dll;D:\XShell7\;C:\Program Files\MySQL\MySQL Shell 8.0\bin\;C:\Users\shishi\AppData\Local\Microsoft\WindowsApps;D:\Users\shishi\AppData\Local\Programs\Microsoft VS Code\bin;E:\nvm;E:\nodejs;D:\Program Files\JetBrains\IntelliJ IDEA 2021.3\bin;
USERNAME=shishi
OS=Windows_NT
PROCESSOR_IDENTIFIER=Intel64 Family 6 Model 158 Stepping 10, GenuineIntel



---------------  S Y S T E M  ---------------

OS:
 Windows 10 , 64 bit Build 22000 (10.0.22000.434)
OS uptime: 4 days 5:28 hours

CPU: total 8 (initial active 8) (4 cores per cpu, 2 threads per core) family 6 model 158 stepping 10 microcode 0xea, cx8, cmov, fxsr, ht, mmx, 3dnowpref, sse, sse2, sse3, ssse3, sse4.1, sse4.2, popcnt, lzcnt, tsc, tscinvbit, avx, avx2, aes, erms, clmul, bmi1, bmi2, adx, fma, vzeroupper, clflush, clflushopt

Memory: 4k page, system-wide physical 8052M (207M free)
TotalPageFile size 21355M (AvailPageFile size 0M)
current process WorkingSet (physical memory assigned to process): 146M, peak: 301M
current process commit charge ("private bytes"): 380M, peak: 381M

vm_info: Java HotSpot(TM) 64-Bit Server VM (17.0.1+12-LTS-39) for windows-amd64 JRE (17.0.1+12-LTS-39), built on Sep 27 2021 18:41:35 by "mach5one" with MS VC++ 16.8 (VS2019)

END.
